дек. 19, 2022 3:15:07 AM SaveProgress logFile
INFO: Start Game: Mon Dec 19 03:15:07 MSK 2022


дек. 19, 2022 3:15:08 AM SaveProgress logFile
INFO: Player shot 0,4; status: miss

дек. 19, 2022 3:15:09 AM SaveProgress logFile
INFO: Computer shot 8,3; status: miss

дек. 19, 2022 3:15:09 AM SaveProgress logFile
INFO: Player shot 1,3; status: miss

дек. 19, 2022 3:15:09 AM SaveProgress logFile
INFO: Computer shot 2,6; status: hit

дек. 19, 2022 3:15:10 AM SaveProgress logFile
INFO: Computer shot 2,5; status: hit

дек. 19, 2022 3:15:10 AM SaveProgress logFile
INFO: Computer kill 3-pallubs ship

дек. 19, 2022 3:15:10 AM SaveProgress logFile
INFO: Computer shot 2,2; status: miss

дек. 19, 2022 3:15:11 AM SaveProgress logFile
INFO: Player shot 2,4; status: miss

дек. 19, 2022 3:15:11 AM SaveProgress logFile
INFO: Computer shot 2,3; status: miss

