дек. 13, 2022 11:48:56 AM SaveProgress logFile
INFO: Start Game: Tue Dec 13 11:48:56 MSK 2022


дек. 13, 2022 11:48:56 AM SaveProgress logFile
INFO: Player shot 2,3; status: miss

дек. 13, 2022 11:48:57 AM SaveProgress logFile
INFO: Computer kill 1-palubs ship

дек. 13, 2022 11:48:57 AM SaveProgress logFile
INFO: Computer shot 7,9; status: miss

дек. 13, 2022 11:48:57 AM SaveProgress logFile
INFO: Player shot 2,4; status: hit

дек. 13, 2022 11:48:58 AM SaveProgress logFile
INFO: Player shot 2,5; status: hit

дек. 13, 2022 11:48:59 AM SaveProgress logFile
INFO: Player shot 2,6; status: hit

дек. 13, 2022 11:48:59 AM SaveProgress logFile
INFO: Player kill 4-pallubs ship

дек. 13, 2022 11:49:00 AM SaveProgress logFile
INFO: Player shot 4,7; status: miss

дек. 13, 2022 11:49:01 AM SaveProgress logFile
INFO: Computer shot 5,2; status: miss

дек. 13, 2022 11:49:01 AM SaveProgress logFile
INFO: Player shot 6,7; status: miss

дек. 13, 2022 11:49:02 AM SaveProgress logFile
INFO: Computer shot 2,6; status: miss

дек. 13, 2022 11:49:02 AM SaveProgress logFile
INFO: Player shot 8,3; status: miss

дек. 13, 2022 11:49:03 AM SaveProgress logFile
INFO: Computer shot 4,5; status: hit

дек. 13, 2022 11:49:03 AM SaveProgress logFile
INFO: Computer shot 3,6; status: miss

дек. 13, 2022 11:49:03 AM SaveProgress logFile
INFO: Player shot 6,3; status: miss

дек. 13, 2022 11:49:03 AM SaveProgress logFile
INFO: Computer shot 6,3; status: miss

дек. 13, 2022 11:49:04 AM SaveProgress logFile
INFO: Player shot 7,6; status: miss

дек. 13, 2022 11:49:04 AM SaveProgress logFile
INFO: Computer shot 5,1; status: miss

дек. 13, 2022 11:49:06 AM SaveProgress logFile
INFO: Player kill 1-palubs ship

дек. 13, 2022 11:49:06 AM SaveProgress logFile
INFO: Player shot 8,7; status: miss

дек. 13, 2022 11:49:07 AM SaveProgress logFile
INFO: Computer shot 0,8; status: miss

дек. 13, 2022 11:49:07 AM SaveProgress logFile
INFO: Player shot 8,6; status: miss

дек. 13, 2022 11:49:08 AM SaveProgress logFile
INFO: Computer shot 3,0; status: miss

