дек. 13, 2022 11:47:38 AM SaveProgress logFile
INFO: Start Game: Tue Dec 13 11:47:38 MSK 2022


дек. 13, 2022 11:47:41 AM SaveProgress logFile
INFO: Player shot 3,5; status: miss

дек. 13, 2022 11:47:41 AM SaveProgress logFile
INFO: Computer shot 9,5; status: hit

дек. 13, 2022 11:47:41 AM SaveProgress logFile
INFO: Computer shot 8,1; status: miss

дек. 13, 2022 11:47:42 AM SaveProgress logFile
INFO: Player shot 4,6; status: miss

дек. 13, 2022 11:47:42 AM SaveProgress logFile
INFO: Computer shot 7,9; status: miss

дек. 13, 2022 11:47:43 AM SaveProgress logFile
INFO: Player shot 4,9; status: miss

дек. 13, 2022 11:47:43 AM SaveProgress logFile
INFO: Computer shot 9,6; status: miss

дек. 13, 2022 11:47:44 AM SaveProgress logFile
INFO: Player shot 3,8; status: hit

дек. 13, 2022 11:47:45 AM SaveProgress logFile
INFO: Player kill 2-pallubs ship

дек. 13, 2022 11:47:46 AM SaveProgress logFile
INFO: Player shot 6,9; status: miss

дек. 13, 2022 11:47:46 AM SaveProgress logFile
INFO: Computer shot 5,6; status: miss

дек. 13, 2022 11:47:47 AM SaveProgress logFile
INFO: Player shot 6,5; status: miss

дек. 13, 2022 11:47:47 AM SaveProgress logFile
INFO: Computer shot 2,0; status: miss

дек. 13, 2022 11:47:48 AM SaveProgress logFile
INFO: Player shot 5,4; status: hit

дек. 13, 2022 11:47:49 AM SaveProgress logFile
INFO: Player shot 5,3; status: miss

дек. 13, 2022 11:47:49 AM SaveProgress logFile
INFO: Computer shot 3,9; status: miss

дек. 13, 2022 11:47:50 AM SaveProgress logFile
INFO: Player shot 5,5; status: miss

дек. 13, 2022 11:47:50 AM SaveProgress logFile
INFO: Computer shot 2,9; status: miss

дек. 13, 2022 11:47:51 AM SaveProgress logFile
INFO: Player shot 4,4; status: miss

дек. 13, 2022 11:47:51 AM SaveProgress logFile
INFO: Computer shot 2,2; status: miss

дек. 13, 2022 11:47:51 AM SaveProgress logFile
INFO: Player shot 6,3; status: miss

дек. 13, 2022 11:47:52 AM SaveProgress logFile
INFO: Computer shot 4,1; status: miss

дек. 13, 2022 11:47:52 AM SaveProgress logFile
INFO: Player shot 6,4; status: hit

дек. 13, 2022 11:47:53 AM SaveProgress logFile
INFO: Player kill 3-pallubs ship

дек. 13, 2022 11:47:54 AM SaveProgress logFile
INFO: Player shot 7,6; status: hit

дек. 13, 2022 11:47:55 AM SaveProgress logFile
INFO: Player shot 7,7; status: miss

дек. 13, 2022 11:47:56 AM SaveProgress logFile
INFO: Computer shot 8,6; status: miss

дек. 13, 2022 11:47:56 AM SaveProgress logFile
INFO: Player shot 6,6; status: hit

дек. 13, 2022 11:47:57 AM SaveProgress logFile
INFO: Player kill 3-pallubs ship

дек. 13, 2022 11:47:59 AM SaveProgress logFile
INFO: Player shot 7,8; status: miss

дек. 13, 2022 11:47:59 AM SaveProgress logFile
INFO: Computer shot 9,2; status: miss

дек. 13, 2022 11:48:00 AM SaveProgress logFile
INFO: Player shot 8,9; status: miss

дек. 13, 2022 11:48:00 AM SaveProgress logFile
INFO: Computer shot 0,1; status: miss

дек. 13, 2022 11:48:01 AM SaveProgress logFile
INFO: Player shot 1,6; status: miss

дек. 13, 2022 11:48:01 AM SaveProgress logFile
INFO: Computer shot 1,0; status: miss

дек. 13, 2022 11:48:02 AM SaveProgress logFile
INFO: Player shot 2,4; status: miss

дек. 13, 2022 11:48:02 AM SaveProgress logFile
INFO: Computer shot 3,3; status: miss

дек. 13, 2022 11:48:03 AM SaveProgress logFile
INFO: Player shot 3,2; status: miss

дек. 13, 2022 11:48:03 AM SaveProgress logFile
INFO: Computer shot 8,3; status: miss

дек. 13, 2022 11:48:04 AM SaveProgress logFile
INFO: Player shot 0,1; status: miss

дек. 13, 2022 11:48:04 AM SaveProgress logFile
INFO: Computer shot 2,1; status: miss

дек. 13, 2022 11:48:04 AM SaveProgress logFile
INFO: Player shot 2,1; status: miss

дек. 13, 2022 11:48:05 AM SaveProgress logFile
INFO: Computer shot 4,7; status: miss

дек. 13, 2022 11:48:05 AM SaveProgress logFile
INFO: Player shot 1,2; status: miss

дек. 13, 2022 11:48:05 AM SaveProgress logFile
INFO: Computer shot 1,7; status: miss

дек. 13, 2022 11:48:06 AM SaveProgress logFile
INFO: Player shot 1,3; status: miss

дек. 13, 2022 11:48:06 AM SaveProgress logFile
INFO: Computer shot 6,0; status: miss

дек. 13, 2022 11:48:08 AM SaveProgress logFile
INFO: Player shot 1,5; status: miss

дек. 13, 2022 11:48:09 AM SaveProgress logFile
INFO: Computer shot 6,1; status: miss

дек. 13, 2022 11:48:09 AM SaveProgress logFile
INFO: Player shot 4,2; status: miss

дек. 13, 2022 11:48:10 AM SaveProgress logFile
INFO: Computer shot 9,9; status: miss

дек. 13, 2022 11:48:10 AM SaveProgress logFile
INFO: Player shot 5,2; status: miss

дек. 13, 2022 11:48:11 AM SaveProgress logFile
INFO: Computer shot 7,6; status: miss

дек. 13, 2022 11:48:11 AM SaveProgress logFile
INFO: Player shot 6,2; status: miss

дек. 13, 2022 11:48:11 AM SaveProgress logFile
INFO: Computer shot 4,6; status: miss

дек. 13, 2022 11:48:12 AM SaveProgress logFile
INFO: Player shot 6,0; status: miss

дек. 13, 2022 11:48:12 AM SaveProgress logFile
INFO: Computer shot 1,2; status: miss

дек. 13, 2022 11:48:13 AM SaveProgress logFile
INFO: Player shot 7,1; status: hit

дек. 13, 2022 11:48:14 AM SaveProgress logFile
INFO: Player kill 2-pallubs ship

дек. 13, 2022 11:48:14 AM SaveProgress logFile
INFO: Player kill 1-palubs ship

дек. 13, 2022 11:48:15 AM SaveProgress logFile
INFO: Player shot 9,4; status: miss

дек. 13, 2022 11:48:16 AM SaveProgress logFile
INFO: Computer shot 8,5; status: miss

дек. 13, 2022 11:48:16 AM SaveProgress logFile
INFO: Player shot 9,5; status: miss

дек. 13, 2022 11:48:17 AM SaveProgress logFile
INFO: Computer shot 3,6; status: miss

дек. 13, 2022 11:48:17 AM SaveProgress logFile
INFO: Player shot 9,6; status: hit

дек. 13, 2022 11:48:18 AM SaveProgress logFile
INFO: Player shot 9,7; status: hit

дек. 13, 2022 11:48:19 AM SaveProgress logFile
INFO: Player shot 9,8; status: hit

дек. 13, 2022 11:48:19 AM SaveProgress logFile
INFO: Player kill 4-pallubs ship

дек. 13, 2022 11:48:20 AM SaveProgress logFile
INFO: Player shot 7,9; status: miss

дек. 13, 2022 11:48:21 AM SaveProgress logFile
INFO: Computer shot 4,3; status: miss

дек. 13, 2022 11:48:21 AM SaveProgress logFile
INFO: Player shot 5,8; status: miss

дек. 13, 2022 11:48:21 AM SaveProgress logFile
INFO: Computer shot 4,2; status: miss

дек. 13, 2022 11:48:22 AM SaveProgress logFile
INFO: Player kill 1-palubs ship

дек. 13, 2022 11:48:23 AM SaveProgress logFile
INFO: Player shot 3,6; status: miss

дек. 13, 2022 11:48:23 AM SaveProgress logFile
INFO: Computer shot 5,9; status: hit

дек. 13, 2022 11:48:23 AM SaveProgress logFile
INFO: Computer shot 7,7; status: hit

дек. 13, 2022 11:48:24 AM SaveProgress logFile
INFO: Computer shot 0,5; status: miss

дек. 13, 2022 11:48:24 AM SaveProgress logFile
INFO: Player shot 2,5; status: miss

дек. 13, 2022 11:48:25 AM SaveProgress logFile
INFO: Computer shot 5,8; status: miss

дек. 13, 2022 11:48:26 AM SaveProgress logFile
INFO: Player shot 1,4; status: miss

дек. 13, 2022 11:48:26 AM SaveProgress logFile
INFO: Computer shot 3,2; status: miss

дек. 13, 2022 11:48:27 AM SaveProgress logFile
INFO: Player shot 0,4; status: miss

дек. 13, 2022 11:48:27 AM SaveProgress logFile
INFO: Computer shot 1,5; status: hit

дек. 13, 2022 11:48:27 AM SaveProgress logFile
INFO: Computer shot 0,0; status: miss

дек. 13, 2022 11:48:28 AM SaveProgress logFile
INFO: Player shot 0,5; status: miss

дек. 13, 2022 11:48:28 AM SaveProgress logFile
INFO: Computer shot 6,8; status: miss

дек. 13, 2022 11:48:29 AM SaveProgress logFile
INFO: Player shot 0,7; status: hit

дек. 13, 2022 11:48:30 AM SaveProgress logFile
INFO: Player shot 0,8; status: miss

дек. 13, 2022 11:48:30 AM SaveProgress logFile
INFO: Computer shot 6,3; status: miss

дек. 13, 2022 11:48:32 AM SaveProgress logFile
INFO: Player kill 2-pallubs ship

дек. 13, 2022 11:48:32 AM SaveProgress logFile
INFO: Player shot 0,9; status: miss

дек. 13, 2022 11:48:33 AM SaveProgress logFile
INFO: Computer shot 4,4; status: miss

дек. 13, 2022 11:48:34 AM SaveProgress logFile
INFO: Player kill 1-palubs ship

дек. 13, 2022 11:48:35 AM SaveProgress logFile
INFO: Player shot 3,4; status: miss

дек. 13, 2022 11:48:35 AM SaveProgress logFile
INFO: Computer shot 3,8; status: miss

дек. 13, 2022 11:48:36 AM SaveProgress logFile
INFO: Player shot 3,3; status: miss

дек. 13, 2022 11:48:36 AM SaveProgress logFile
INFO: Computer shot 9,1; status: miss

дек. 13, 2022 11:48:37 AM SaveProgress logFile
INFO: Player shot 2,3; status: miss

дек. 13, 2022 11:48:37 AM SaveProgress logFile
INFO: Computer kill 1-palubs ship

дек. 13, 2022 11:48:37 AM SaveProgress logFile
INFO: Computer shot 5,2; status: hit

дек. 13, 2022 11:48:37 AM SaveProgress logFile
INFO: Computer shot 0,8; status: miss

дек. 13, 2022 11:48:39 AM SaveProgress logFile
INFO: Player shot 2,2; status: miss

дек. 13, 2022 11:48:39 AM SaveProgress logFile
INFO: Computer shot 7,4; status: miss

дек. 13, 2022 11:48:41 AM SaveProgress logFile
INFO: Player shot 3,1; status: miss

дек. 13, 2022 11:48:41 AM SaveProgress logFile
INFO: Computer shot 1,8; status: miss

дек. 13, 2022 11:48:43 AM SaveProgress logFile
INFO: Player shot 4,1; status: miss

дек. 13, 2022 11:48:43 AM SaveProgress logFile
INFO: Computer kill 1-palubs ship

дек. 13, 2022 11:48:44 AM SaveProgress logFile
INFO: Computer shot 9,0; status: miss

дек. 13, 2022 11:48:45 AM SaveProgress logFile
INFO: Player shot 5,1; status: miss

дек. 13, 2022 11:48:45 AM SaveProgress logFile
INFO: Computer shot 2,8; status: miss

дек. 13, 2022 11:48:46 AM SaveProgress logFile
INFO: Player shot 1,1; status: miss

дек. 13, 2022 11:48:47 AM SaveProgress logFile
INFO: Computer shot 4,5; status: hit

дек. 13, 2022 11:48:47 AM SaveProgress logFile
INFO: Computer shot 8,4; status: miss

дек. 13, 2022 11:48:47 AM SaveProgress logFile
INFO: Player shot 0,2; status: miss

дек. 13, 2022 11:48:47 AM SaveProgress logFile
INFO: Computer shot 4,0; status: miss

дек. 13, 2022 11:48:48 AM SaveProgress logFile
INFO: Player shot 0,3; status: miss

дек. 13, 2022 11:48:49 AM SaveProgress logFile
INFO: Computer shot 4,9; status: hit

дек. 13, 2022 11:48:49 AM SaveProgress logFile
INFO: Computer shot 8,8; status: miss

дек. 13, 2022 11:48:51 AM SaveProgress logFile
INFO: Player kill 1-palubs ship

дек. 13, 2022 11:48:52 AM SaveProgress logFile
INFO: Player win!
дек. 13, 2022 11:48:56 AM SaveProgress logFile
INFO: Start Game: Tue Dec 13 11:48:56 MSK 2022


дек. 13, 2022 11:48:56 AM SaveProgress logFile
INFO: Player shot 2,3; status: miss

дек. 13, 2022 11:48:57 AM SaveProgress logFile
INFO: Computer kill 1-palubs ship

дек. 13, 2022 11:48:57 AM SaveProgress logFile
INFO: Computer shot 7,9; status: miss

дек. 13, 2022 11:48:57 AM SaveProgress logFile
INFO: Player shot 2,4; status: hit

дек. 13, 2022 11:48:58 AM SaveProgress logFile
INFO: Player shot 2,5; status: hit

дек. 13, 2022 11:48:59 AM SaveProgress logFile
INFO: Player shot 2,6; status: hit

дек. 13, 2022 11:48:59 AM SaveProgress logFile
INFO: Player kill 4-pallubs ship

дек. 13, 2022 11:49:00 AM SaveProgress logFile
INFO: Player shot 4,7; status: miss

дек. 13, 2022 11:49:01 AM SaveProgress logFile
INFO: Computer shot 5,2; status: miss

дек. 13, 2022 11:49:01 AM SaveProgress logFile
INFO: Player shot 6,7; status: miss

дек. 13, 2022 11:49:02 AM SaveProgress logFile
INFO: Computer shot 2,6; status: miss

дек. 13, 2022 11:49:02 AM SaveProgress logFile
INFO: Player shot 8,3; status: miss

дек. 13, 2022 11:49:03 AM SaveProgress logFile
INFO: Computer shot 4,5; status: hit

дек. 13, 2022 11:49:03 AM SaveProgress logFile
INFO: Computer shot 3,6; status: miss

дек. 13, 2022 11:49:03 AM SaveProgress logFile
INFO: Player shot 6,3; status: miss

дек. 13, 2022 11:49:03 AM SaveProgress logFile
INFO: Computer shot 6,3; status: miss

дек. 13, 2022 11:49:04 AM SaveProgress logFile
INFO: Player shot 7,6; status: miss

дек. 13, 2022 11:49:04 AM SaveProgress logFile
INFO: Computer shot 5,1; status: miss

дек. 13, 2022 11:49:06 AM SaveProgress logFile
INFO: Player kill 1-palubs ship

дек. 13, 2022 11:49:06 AM SaveProgress logFile
INFO: Player shot 8,7; status: miss

дек. 13, 2022 11:49:07 AM SaveProgress logFile
INFO: Computer shot 0,8; status: miss

дек. 13, 2022 11:49:07 AM SaveProgress logFile
INFO: Player shot 8,6; status: miss

дек. 13, 2022 11:49:08 AM SaveProgress logFile
INFO: Computer shot 3,0; status: miss

