дек. 19, 2022 3:38:26 AM SaveProgress logFile
INFO: Start Game: Mon Dec 19 03:38:26 MSK 2022


дек. 19, 2022 3:38:27 AM SaveProgress logFile
INFO: Player shot 5,7; status: miss

дек. 19, 2022 3:38:27 AM SaveProgress logFile
INFO: Computer shot 0,7; status: miss

дек. 19, 2022 3:38:28 AM SaveProgress logFile
INFO: Player shot 5,8; status: miss

дек. 19, 2022 3:38:28 AM SaveProgress logFile
INFO: Computer shot 5,6; status: hit

дек. 19, 2022 3:38:28 AM SaveProgress logFile
INFO: Computer shot 5,5; status: miss

дек. 19, 2022 3:38:29 AM SaveProgress logFile
INFO: Player shot 0,8; status: miss

дек. 19, 2022 3:38:30 AM SaveProgress logFile
INFO: Computer kill 2-pallubs ship

дек. 19, 2022 3:38:30 AM SaveProgress logFile
INFO: Computer shot 3,8; status: miss

дек. 19, 2022 3:38:30 AM SaveProgress logFile
INFO: Player shot 9,9; status: hit

дек. 19, 2022 3:38:31 AM SaveProgress logFile
INFO: Player kill 2-pallubs ship

дек. 19, 2022 3:38:35 AM SaveProgress logFile
INFO: Player shot 7,4; status: miss

дек. 19, 2022 3:38:35 AM SaveProgress logFile
INFO: Computer shot 7,0; status: miss

дек. 19, 2022 3:38:36 AM SaveProgress logFile
INFO: Player shot 2,2; status: miss

дек. 19, 2022 3:38:36 AM SaveProgress logFile
INFO: Computer shot 3,5; status: miss

дек. 19, 2022 3:38:40 AM SaveProgress logFile
INFO: Start Game: Mon Dec 19 03:38:40 MSK 2022


