дек. 19, 2022 2:27:52 AM SaveProgress logFile
INFO: Start Game: Mon Dec 19 02:27:52 MSK 2022


дек. 19, 2022 2:27:53 AM SaveProgress logFile
INFO: Player shot 4,5; status: hit

дек. 19, 2022 2:27:53 AM SaveProgress logFile
INFO: Player shot 6,7; status: miss

дек. 19, 2022 2:27:54 AM SaveProgress logFile
INFO: Computer shot 8,4; status: miss

дек. 19, 2022 2:27:54 AM SaveProgress logFile
INFO: Player shot 5,8; status: miss

дек. 19, 2022 2:27:54 AM SaveProgress logFile
INFO: Computer shot 9,3; status: miss

дек. 19, 2022 2:27:54 AM SaveProgress logFile
INFO: Player shot 3,8; status: miss

дек. 19, 2022 2:27:55 AM SaveProgress logFile
INFO: Computer shot 9,1; status: miss

дек. 19, 2022 2:27:55 AM SaveProgress logFile
INFO: Player shot 4,6; status: miss

дек. 19, 2022 2:27:55 AM SaveProgress logFile
INFO: Computer shot 1,8; status: miss

дек. 19, 2022 2:27:56 AM SaveProgress logFile
INFO: Player shot 3,5; status: hit

дек. 19, 2022 2:27:56 AM SaveProgress logFile
INFO: Player shot 5,5; status: miss

дек. 19, 2022 2:27:56 AM SaveProgress logFile
INFO: Computer shot 3,0; status: miss

дек. 19, 2022 2:27:57 AM SaveProgress logFile
INFO: Player kill 3-pallubs ship

