дек. 17, 2022 11:39:59 AM SaveProgress logFile
INFO: Start Game: Sat Dec 17 11:39:59 MSK 2022


дек. 17, 2022 11:40:11 AM SaveProgress logFile
INFO: Player shot 6,1; status: miss

дек. 17, 2022 11:40:11 AM SaveProgress logFile
INFO: Computer shot 8,2; status: miss

дек. 17, 2022 11:40:12 AM SaveProgress logFile
INFO: Player shot 5,4; status: miss

дек. 17, 2022 11:40:12 AM SaveProgress logFile
INFO: Computer shot 3,7; status: miss

дек. 17, 2022 11:40:13 AM SaveProgress logFile
INFO: Player shot 4,6; status: miss

дек. 17, 2022 11:40:13 AM SaveProgress logFile
INFO: Computer shot 6,7; status: miss

дек. 17, 2022 11:40:13 AM SaveProgress logFile
INFO: Player shot 2,7; status: hit

дек. 17, 2022 11:40:13 AM SaveProgress logFile
INFO: Player shot 1,9; status: miss

дек. 17, 2022 11:40:14 AM SaveProgress logFile
INFO: Computer kill 1-palubs ship

дек. 17, 2022 11:40:14 AM SaveProgress logFile
INFO: Computer shot 4,3; status: hit

дек. 17, 2022 11:40:14 AM SaveProgress logFile
INFO: Computer shot 4,2; status: miss

дек. 17, 2022 11:40:15 AM SaveProgress logFile
INFO: Player shot 0,7; status: miss

дек. 17, 2022 11:40:15 AM SaveProgress logFile
INFO: Computer shot 3,3; status: hit

дек. 17, 2022 11:40:16 AM SaveProgress logFile
INFO: Player shot 1,1; status: miss

дек. 17, 2022 11:40:16 AM SaveProgress logFile
INFO: Computer shot 5,3; status: hit

дек. 17, 2022 11:40:16 AM SaveProgress logFile
INFO: Computer kill 4-pallubs ship

дек. 17, 2022 11:40:17 AM SaveProgress logFile
INFO: Computer shot 6,2; status: miss

