дек. 13, 2022 10:13:20 PM SaveProgress logFile
INFO: Start Game: Tue Dec 13 22:13:20 MSK 2022


дек. 13, 2022 10:13:21 PM SaveProgress logFile
INFO: Player shot 4,5; status: miss

дек. 13, 2022 10:13:21 PM SaveProgress logFile
INFO: Computer shot 1,8; status: miss

дек. 13, 2022 10:13:21 PM SaveProgress logFile
INFO: Player shot 4,2; status: miss

дек. 13, 2022 10:13:21 PM SaveProgress logFile
INFO: Computer shot 8,7; status: hit

дек. 13, 2022 10:13:22 PM SaveProgress logFile
INFO: Computer shot 7,7; status: miss

дек. 13, 2022 10:13:22 PM SaveProgress logFile
INFO: Player shot 6,3; status: miss

дек. 13, 2022 10:13:23 PM SaveProgress logFile
INFO: Computer shot 9,7; status: miss

дек. 13, 2022 10:13:23 PM SaveProgress logFile
INFO: Player shot 7,6; status: miss

дек. 13, 2022 10:13:23 PM SaveProgress logFile
INFO: Computer shot 8,8; status: miss

дек. 13, 2022 10:13:23 PM SaveProgress logFile
INFO: Player shot 6,8; status: miss

дек. 13, 2022 10:13:24 PM SaveProgress logFile
INFO: Computer shot 8,6; status: hit

дек. 13, 2022 10:13:24 PM SaveProgress logFile
INFO: Computer kill 3-pallubs ship

дек. 13, 2022 10:13:24 PM SaveProgress logFile
INFO: Computer shot 4,6; status: miss

дек. 13, 2022 10:13:24 PM SaveProgress logFile
INFO: Player shot 3,8; status: hit

дек. 13, 2022 10:13:25 PM SaveProgress logFile
INFO: Player shot 3,6; status: miss

дек. 13, 2022 10:13:25 PM SaveProgress logFile
INFO: Computer shot 5,2; status: hit

дек. 13, 2022 10:13:25 PM SaveProgress logFile
INFO: Computer shot 4,2; status: miss

дек. 13, 2022 10:13:26 PM SaveProgress logFile
INFO: Player shot 3,7; status: miss

дек. 13, 2022 10:13:26 PM SaveProgress logFile
INFO: Computer kill 2-pallubs ship

дек. 13, 2022 10:13:26 PM SaveProgress logFile
INFO: Computer shot 1,1; status: miss

дек. 13, 2022 10:13:26 PM SaveProgress logFile
INFO: Player shot 2,8; status: hit

дек. 13, 2022 10:13:27 PM SaveProgress logFile
INFO: Player shot 1,5; status: miss

дек. 13, 2022 10:13:27 PM SaveProgress logFile
INFO: Computer shot 1,3; status: miss

дек. 13, 2022 10:13:28 PM SaveProgress logFile
INFO: Player shot 0,7; status: miss

дек. 13, 2022 10:13:28 PM SaveProgress logFile
INFO: Computer shot 7,2; status: miss

дек. 13, 2022 10:13:29 PM SaveProgress logFile
INFO: Player shot 2,7; status: miss

дек. 13, 2022 10:13:29 PM SaveProgress logFile
INFO: Computer shot 8,0; status: miss

дек. 13, 2022 10:13:29 PM SaveProgress logFile
INFO: Player shot 2,3; status: miss

дек. 13, 2022 10:13:30 PM SaveProgress logFile
INFO: Computer shot 7,6; status: miss

дек. 13, 2022 10:13:30 PM SaveProgress logFile
INFO: Player shot 6,5; status: miss

дек. 13, 2022 10:13:31 PM SaveProgress logFile
INFO: Computer kill 1-palubs ship

дек. 13, 2022 10:13:31 PM SaveProgress logFile
INFO: Computer shot 7,3; status: miss

дек. 13, 2022 10:13:31 PM SaveProgress logFile
INFO: Player shot 4,8; status: miss

дек. 13, 2022 10:13:31 PM SaveProgress logFile
INFO: Computer shot 5,6; status: hit

дек. 13, 2022 10:13:32 PM SaveProgress logFile
INFO: Computer shot 4,6; status: miss

дек. 13, 2022 10:13:32 PM SaveProgress logFile
INFO: Player shot 1,9; status: miss

дек. 13, 2022 10:13:32 PM SaveProgress logFile
INFO: Computer shot 6,6; status: miss

дек. 13, 2022 10:13:32 PM SaveProgress logFile
INFO: Player kill 3-pallubs ship

дек. 13, 2022 10:13:33 PM SaveProgress logFile
INFO: Player kill 1-palubs ship

дек. 13, 2022 10:13:34 PM SaveProgress logFile
INFO: Player shot 8,2; status: miss

дек. 13, 2022 10:13:34 PM SaveProgress logFile
INFO: Computer shot 5,5; status: hit

дек. 13, 2022 10:13:35 PM SaveProgress logFile
INFO: Computer kill 3-pallubs ship

дек. 13, 2022 10:13:35 PM SaveProgress logFile
INFO: Computer shot 0,7; status: miss

дек. 13, 2022 10:13:36 PM SaveProgress logFile
INFO: Player shot 8,4; status: miss

дек. 13, 2022 10:13:36 PM SaveProgress logFile
INFO: Computer shot 3,7; status: miss

дек. 13, 2022 10:13:37 PM SaveProgress logFile
INFO: Player shot 8,9; status: hit

дек. 13, 2022 10:13:38 PM SaveProgress logFile
INFO: Player shot 8,8; status: miss

дек. 13, 2022 10:13:38 PM SaveProgress logFile
INFO: Computer shot 6,0; status: miss

дек. 13, 2022 10:13:38 PM SaveProgress logFile
INFO: Player kill 2-pallubs ship

дек. 13, 2022 10:13:40 PM SaveProgress logFile
INFO: Player shot 5,8; status: hit

дек. 13, 2022 10:13:41 PM SaveProgress logFile
INFO: Player shot 5,7; status: hit

дек. 13, 2022 10:13:41 PM SaveProgress logFile
INFO: Player shot 5,5; status: miss

дек. 13, 2022 10:13:41 PM SaveProgress logFile
INFO: Computer shot 1,8; status: hit

дек. 13, 2022 10:13:42 PM SaveProgress logFile
INFO: Computer shot 1,9; status: miss

дек. 13, 2022 10:13:43 PM SaveProgress logFile
INFO: Player shot 5,6; status: hit

дек. 13, 2022 10:13:44 PM SaveProgress logFile
INFO: Player kill 4-pallubs ship

дек. 13, 2022 10:13:44 PM SaveProgress logFile
INFO: Player shot 3,5; status: miss

дек. 13, 2022 10:13:45 PM SaveProgress logFile
INFO: Computer shot 1,7; status: hit

дек. 13, 2022 10:13:45 PM SaveProgress logFile
INFO: Computer shot 1,6; status: hit

дек. 13, 2022 10:13:45 PM SaveProgress logFile
INFO: Computer kill 4-pallubs ship

дек. 13, 2022 10:13:46 PM SaveProgress logFile
INFO: Computer shot 9,4; status: miss

дек. 13, 2022 10:17:30 PM SaveProgress logFile
INFO: Start Game: Tue Dec 13 22:17:30 MSK 2022


дек. 13, 2022 10:17:35 PM SaveProgress logFile
INFO: Set difficult Hard.

