дек. 17, 2022 1:46:08 PM SaveProgress logFile
INFO: Start Game: Sat Dec 17 13:46:08 MSK 2022


дек. 17, 2022 1:46:09 PM SaveProgress logFile
INFO: Player shot 4,5; status: miss

дек. 17, 2022 1:46:09 PM SaveProgress logFile
INFO: Computer shot 4,8; status: miss

дек. 17, 2022 1:46:10 PM SaveProgress logFile
INFO: Player shot 6,7; status: miss

дек. 17, 2022 1:46:10 PM SaveProgress logFile
INFO: Computer shot 3,2; status: miss

дек. 17, 2022 1:46:10 PM SaveProgress logFile
INFO: Player shot 6,8; status: miss

дек. 17, 2022 1:46:11 PM SaveProgress logFile
INFO: Computer shot 7,3; status: miss

дек. 17, 2022 1:46:11 PM SaveProgress logFile
INFO: Player shot 4,8; status: miss

дек. 17, 2022 1:46:11 PM SaveProgress logFile
INFO: Computer shot 1,4; status: miss

дек. 17, 2022 1:46:11 PM SaveProgress logFile
INFO: Player shot 2,9; status: hit

дек. 17, 2022 1:46:13 PM SaveProgress logFile
INFO: Player shot 2,8; status: miss

дек. 17, 2022 1:46:13 PM SaveProgress logFile
INFO: Computer shot 1,9; status: miss

дек. 17, 2022 1:46:14 PM SaveProgress logFile
INFO: Player shot 1,6; status: miss

дек. 17, 2022 1:46:14 PM SaveProgress logFile
INFO: Computer shot 5,6; status: miss

дек. 17, 2022 1:46:14 PM SaveProgress logFile
INFO: Player kill 1-palubs ship

дек. 17, 2022 1:46:15 PM SaveProgress logFile
INFO: Player shot 3,3; status: hit

дек. 17, 2022 1:46:16 PM SaveProgress logFile
INFO: Player shot 3,4; status: miss

дек. 17, 2022 1:46:16 PM SaveProgress logFile
INFO: Computer shot 3,4; status: miss

дек. 17, 2022 1:46:17 PM SaveProgress logFile
INFO: Player shot 3,5; status: miss

дек. 17, 2022 1:46:17 PM SaveProgress logFile
INFO: Computer shot 3,2; status: hit

дек. 17, 2022 1:46:17 PM SaveProgress logFile
INFO: Computer shot 2,2; status: miss

дек. 17, 2022 1:46:18 PM SaveProgress logFile
INFO: Player shot 3,7; status: miss

дек. 17, 2022 1:46:18 PM SaveProgress logFile
INFO: Computer shot 3,1; status: miss

дек. 17, 2022 1:46:23 PM SaveProgress logFile
INFO: Player shot 6,5; status: miss

дек. 17, 2022 1:46:23 PM SaveProgress logFile
INFO: Computer shot 4,2; status: miss

дек. 17, 2022 1:46:24 PM SaveProgress logFile
INFO: Player shot 8,6; status: miss

дек. 17, 2022 1:46:24 PM SaveProgress logFile
INFO: Computer shot 3,3; status: hit

дек. 17, 2022 1:46:25 PM SaveProgress logFile
INFO: Computer kill 3-pallubs ship

дек. 17, 2022 1:46:25 PM SaveProgress logFile
INFO: Computer shot 3,1; status: miss

дек. 17, 2022 1:46:25 PM SaveProgress logFile
INFO: Player shot 9,9; status: hit

дек. 17, 2022 1:46:26 PM SaveProgress logFile
INFO: Player shot 9,8; status: hit

дек. 17, 2022 1:46:27 PM SaveProgress logFile
INFO: Player kill 3-pallubs ship

дек. 17, 2022 1:46:28 PM SaveProgress logFile
INFO: Player shot 8,4; status: miss

дек. 17, 2022 1:46:28 PM SaveProgress logFile
INFO: Computer shot 7,6; status: hit

дек. 17, 2022 1:46:28 PM SaveProgress logFile
INFO: Computer shot 7,7; status: hit

дек. 17, 2022 1:46:29 PM SaveProgress logFile
INFO: Player shot 5,2; status: miss

дек. 17, 2022 1:46:29 PM SaveProgress logFile
INFO: Computer shot 7,8; status: hit

дек. 17, 2022 1:46:29 PM SaveProgress logFile
INFO: Computer kill 4-pallubs ship

дек. 17, 2022 1:46:30 PM SaveProgress logFile
INFO: Computer shot 0,9; status: miss

дек. 17, 2022 1:46:30 PM SaveProgress logFile
INFO: Player shot 7,3; status: miss

дек. 17, 2022 1:46:30 PM SaveProgress logFile
INFO: Computer shot 1,7; status: hit

дек. 17, 2022 1:46:30 PM SaveProgress logFile
INFO: Computer shot 1,6; status: miss

дек. 17, 2022 1:46:36 PM SaveProgress logFile
INFO: Start Game: Sat Dec 17 13:46:36 MSK 2022


