дек. 19, 2022 2:37:24 AM SaveProgress logFile
INFO: Start Game: Mon Dec 19 02:37:24 MSK 2022


дек. 19, 2022 2:37:25 AM SaveProgress logFile
INFO: Player shot 1,5; status: miss

дек. 19, 2022 2:37:25 AM SaveProgress logFile
INFO: Computer shot 1,0; status: hit

дек. 19, 2022 2:37:26 AM SaveProgress logFile
INFO: Computer shot 1,1; status: miss

дек. 19, 2022 2:37:26 AM SaveProgress logFile
INFO: Player shot 0,4; status: miss

дек. 19, 2022 2:37:27 AM SaveProgress logFile
INFO: Computer kill 2-pallubs ship

дек. 19, 2022 2:37:27 AM SaveProgress logFile
INFO: Computer shot 3,6; status: miss

дек. 19, 2022 2:37:28 AM SaveProgress logFile
INFO: Player shot 2,4; status: miss

дек. 19, 2022 2:37:28 AM SaveProgress logFile
INFO: Computer shot 2,8; status: miss

дек. 19, 2022 2:37:28 AM SaveProgress logFile
INFO: Player shot 5,5; status: miss

дек. 19, 2022 2:37:29 AM SaveProgress logFile
INFO: Computer shot 9,7; status: hit

дек. 19, 2022 2:37:29 AM SaveProgress logFile
INFO: Computer shot 8,7; status: miss

дек. 19, 2022 2:37:29 AM SaveProgress logFile
INFO: Player shot 7,9; status: hit

дек. 19, 2022 2:37:30 AM SaveProgress logFile
INFO: Player shot 9,9; status: miss

дек. 19, 2022 2:37:30 AM SaveProgress logFile
INFO: Computer kill 2-pallubs ship

дек. 19, 2022 2:37:30 AM SaveProgress logFile
INFO: Computer shot 2,0; status: miss

