дек. 13, 2022 11:54:33 AM SaveProgress logFile
INFO: Start Game: Tue Dec 13 11:54:33 MSK 2022


дек. 13, 2022 11:54:34 AM SaveProgress logFile
INFO: Player shot 2,3; status: miss

дек. 13, 2022 11:54:34 AM SaveProgress logFile
INFO: Computer shot 8,9; status: hit

дек. 13, 2022 11:54:34 AM SaveProgress logFile
INFO: Computer shot 9,9; status: miss

дек. 13, 2022 11:54:35 AM SaveProgress logFile
INFO: Player shot 3,6; status: miss

дек. 13, 2022 11:54:35 AM SaveProgress logFile
INFO: Computer shot 7,9; status: miss

дек. 13, 2022 11:54:36 AM SaveProgress logFile
INFO: Player shot 3,5; status: miss

дек. 13, 2022 11:54:36 AM SaveProgress logFile
INFO: Computer shot 8,8; status: hit

дек. 13, 2022 11:54:36 AM SaveProgress logFile
INFO: Computer shot 8,7; status: hit

дек. 13, 2022 11:54:37 AM SaveProgress logFile
INFO: Computer kill 4-pallubs ship

дек. 13, 2022 11:54:37 AM SaveProgress logFile
INFO: Computer shot 5,4; status: miss

дек. 13, 2022 11:54:39 AM SaveProgress logFile
INFO: Player shot 3,7; status: miss

дек. 13, 2022 11:54:39 AM SaveProgress logFile
INFO: Computer shot 6,2; status: miss

дек. 13, 2022 11:54:40 AM SaveProgress logFile
INFO: Player shot 4,7; status: miss

дек. 13, 2022 11:54:40 AM SaveProgress logFile
INFO: Computer shot 7,0; status: miss

дек. 13, 2022 11:54:41 AM SaveProgress logFile
INFO: Player shot 5,7; status: miss

дек. 13, 2022 11:54:41 AM SaveProgress logFile
INFO: Computer shot 6,3; status: miss

дек. 13, 2022 11:54:41 AM SaveProgress logFile
INFO: Player shot 6,7; status: miss

дек. 13, 2022 11:54:42 AM SaveProgress logFile
INFO: Computer shot 0,1; status: miss

дек. 13, 2022 11:54:42 AM SaveProgress logFile
INFO: Player shot 6,6; status: miss

дек. 13, 2022 11:54:42 AM SaveProgress logFile
INFO: Computer shot 2,5; status: hit

дек. 13, 2022 11:54:43 AM SaveProgress logFile
INFO: Computer shot 1,5; status: miss

дек. 13, 2022 11:54:43 AM SaveProgress logFile
INFO: Player shot 6,5; status: miss

дек. 13, 2022 11:54:43 AM SaveProgress logFile
INFO: Computer shot 3,5; status: miss

дек. 13, 2022 11:54:43 AM SaveProgress logFile
INFO: Player shot 6,4; status: miss

дек. 13, 2022 11:54:44 AM SaveProgress logFile
INFO: Computer kill 2-pallubs ship

дек. 13, 2022 11:54:44 AM SaveProgress logFile
INFO: Computer kill 1-palubs ship

дек. 13, 2022 11:54:44 AM SaveProgress logFile
INFO: Computer shot 5,5; status: miss

дек. 13, 2022 11:54:45 AM SaveProgress logFile
INFO: Player shot 5,3; status: miss

дек. 13, 2022 11:54:46 AM SaveProgress logFile
INFO: Computer shot 8,3; status: miss

дек. 13, 2022 11:54:46 AM SaveProgress logFile
INFO: Player shot 4,3; status: miss

дек. 13, 2022 11:54:46 AM SaveProgress logFile
INFO: Computer shot 9,3; status: miss

дек. 13, 2022 11:54:47 AM SaveProgress logFile
INFO: Player shot 4,4; status: miss

дек. 13, 2022 11:54:47 AM SaveProgress logFile
INFO: Computer kill 1-palubs ship

дек. 13, 2022 11:54:48 AM SaveProgress logFile
INFO: Computer shot 6,6; status: hit

дек. 13, 2022 11:54:48 AM SaveProgress logFile
INFO: Computer shot 6,5; status: hit

дек. 13, 2022 11:54:50 AM SaveProgress logFile
INFO: Player shot 5,6; status: miss

дек. 13, 2022 11:54:50 AM SaveProgress logFile
INFO: Computer kill 3-pallubs ship

дек. 13, 2022 11:54:50 AM SaveProgress logFile
INFO: Computer shot 0,3; status: miss

