дек. 13, 2022 12:02:12 PM SaveProgress logFile
INFO: Start Game: Tue Dec 13 12:02:12 MSK 2022


дек. 13, 2022 12:02:16 PM SaveProgress logFile
INFO: Player shot 5,5; status: miss

дек. 13, 2022 12:02:16 PM SaveProgress logFile
INFO: Computer kill 1-palubs ship

дек. 13, 2022 12:02:16 PM SaveProgress logFile
INFO: Computer shot 2,8; status: hit

дек. 13, 2022 12:02:17 PM SaveProgress logFile
INFO: Computer shot 7,5; status: miss

дек. 13, 2022 12:02:17 PM SaveProgress logFile
INFO: Player shot 4,6; status: miss

дек. 13, 2022 12:02:17 PM SaveProgress logFile
INFO: Computer shot 2,7; status: hit

дек. 13, 2022 12:02:18 PM SaveProgress logFile
INFO: Player shot 3,7; status: miss

дек. 13, 2022 12:02:18 PM SaveProgress logFile
INFO: Computer shot 2,6; status: hit

дек. 13, 2022 12:02:18 PM SaveProgress logFile
INFO: Player shot 2,8; status: miss

дек. 13, 2022 12:02:19 PM SaveProgress logFile
INFO: Player shot 1,9; status: miss

дек. 13, 2022 12:02:20 PM SaveProgress logFile
INFO: Computer kill 4-pallubs ship

дек. 13, 2022 12:02:20 PM SaveProgress logFile
INFO: Computer shot 9,8; status: miss

дек. 13, 2022 12:02:22 PM SaveProgress logFile
INFO: Player shot 6,4; status: miss

дек. 13, 2022 12:02:22 PM SaveProgress logFile
INFO: Computer shot 6,5; status: miss

дек. 13, 2022 12:02:23 PM SaveProgress logFile
INFO: Player shot 7,3; status: miss

дек. 13, 2022 12:02:23 PM SaveProgress logFile
INFO: Computer shot 8,8; status: miss

дек. 13, 2022 12:02:24 PM SaveProgress logFile
INFO: Player shot 8,2; status: hit

дек. 13, 2022 12:02:25 PM SaveProgress logFile
INFO: Player shot 9,1; status: miss

дек. 13, 2022 12:02:25 PM SaveProgress logFile
INFO: Computer shot 4,8; status: miss

дек. 13, 2022 12:02:44 PM SaveProgress logFile
INFO: Player kill 1-palubs ship

дек. 13, 2022 12:02:45 PM SaveProgress logFile
INFO: Player shot 5,7; status: miss

дек. 13, 2022 12:02:46 PM SaveProgress logFile
INFO: Computer shot 1,8; status: miss

дек. 13, 2022 12:02:52 PM SaveProgress logFile
INFO: Player shot 6,6; status: hit

дек. 13, 2022 12:02:53 PM SaveProgress logFile
INFO: Player shot 7,5; status: miss

дек. 13, 2022 12:02:53 PM SaveProgress logFile
INFO: Computer shot 3,9; status: miss

дек. 13, 2022 12:03:00 PM SaveProgress logFile
INFO: Player shot 8,4; status: hit

дек. 13, 2022 12:03:01 PM SaveProgress logFile
INFO: Player shot 8,3; status: miss

дек. 13, 2022 12:03:02 PM SaveProgress logFile
INFO: Computer shot 8,5; status: miss

дек. 13, 2022 12:03:06 PM SaveProgress logFile
INFO: Player shot 1,7; status: miss

дек. 13, 2022 12:03:06 PM SaveProgress logFile
INFO: Computer shot 0,3; status: miss

дек. 13, 2022 12:03:06 PM SaveProgress logFile
INFO: Player shot 2,6; status: miss

дек. 13, 2022 12:03:07 PM SaveProgress logFile
INFO: Computer shot 8,0; status: hit

дек. 13, 2022 12:03:07 PM SaveProgress logFile
INFO: Computer shot 7,0; status: miss

дек. 13, 2022 12:03:08 PM SaveProgress logFile
INFO: Player shot 3,5; status: miss

дек. 13, 2022 12:03:08 PM SaveProgress logFile
INFO: Computer kill 2-pallubs ship

дек. 13, 2022 12:03:08 PM SaveProgress logFile
INFO: Computer shot 8,0; status: miss

дек. 13, 2022 12:03:14 PM SaveProgress logFile
INFO: Player shot 4,4; status: miss

дек. 13, 2022 12:03:15 PM SaveProgress logFile
INFO: Computer shot 5,9; status: miss

дек. 13, 2022 12:03:16 PM SaveProgress logFile
INFO: Player shot 5,3; status: miss

дек. 13, 2022 12:03:16 PM SaveProgress logFile
INFO: Computer shot 2,5; status: miss

дек. 13, 2022 12:03:19 PM SaveProgress logFile
INFO: Player shot 6,2; status: miss

дек. 13, 2022 12:03:19 PM SaveProgress logFile
INFO: Computer shot 3,4; status: miss

дек. 13, 2022 12:03:20 PM SaveProgress logFile
INFO: Player shot 4,2; status: miss

дек. 13, 2022 12:03:20 PM SaveProgress logFile
INFO: Computer kill 1-palubs ship

дек. 13, 2022 12:03:20 PM SaveProgress logFile
INFO: Computer shot 1,1; status: miss

дек. 13, 2022 12:03:21 PM SaveProgress logFile
INFO: Player shot 3,3; status: miss

дек. 13, 2022 12:03:21 PM SaveProgress logFile
INFO: Computer shot 4,0; status: hit

дек. 13, 2022 12:03:21 PM SaveProgress logFile
INFO: Computer kill 2-pallubs ship

дек. 13, 2022 12:03:22 PM SaveProgress logFile
INFO: Computer shot 8,7; status: miss

дек. 13, 2022 12:03:22 PM SaveProgress logFile
INFO: Player shot 2,4; status: miss

дек. 13, 2022 12:03:22 PM SaveProgress logFile
INFO: Computer shot 2,7; status: miss

дек. 13, 2022 12:03:23 PM SaveProgress logFile
INFO: Player shot 1,5; status: miss

дек. 13, 2022 12:03:24 PM SaveProgress logFile
INFO: Computer shot 4,4; status: miss

дек. 13, 2022 12:03:24 PM SaveProgress logFile
INFO: Player shot 0,6; status: hit

дек. 13, 2022 12:03:25 PM SaveProgress logFile
INFO: Player shot 0,7; status: miss

дек. 13, 2022 12:03:25 PM SaveProgress logFile
INFO: Computer shot 5,6; status: miss

дек. 13, 2022 12:03:26 PM SaveProgress logFile
INFO: Player shot 0,9; status: hit

дек. 13, 2022 12:03:27 PM SaveProgress logFile
INFO: Player kill 2-pallubs ship

дек. 13, 2022 12:03:28 PM SaveProgress logFile
INFO: Player shot 2,7; status: miss

дек. 13, 2022 12:03:29 PM SaveProgress logFile
INFO: Computer shot 5,0; status: miss

дек. 13, 2022 12:03:34 PM SaveProgress logFile
INFO: Player shot 6,8; status: hit

дек. 13, 2022 12:03:35 PM SaveProgress logFile
INFO: Player shot 6,9; status: miss

дек. 13, 2022 12:03:35 PM SaveProgress logFile
INFO: Computer kill 1-palubs ship

дек. 13, 2022 12:03:35 PM SaveProgress logFile
INFO: Computer shot 4,9; status: miss

дек. 13, 2022 12:03:36 PM SaveProgress logFile
INFO: Player shot 8,9; status: miss

дек. 13, 2022 12:03:36 PM SaveProgress logFile
INFO: Computer shot 3,8; status: miss

дек. 13, 2022 12:03:37 PM SaveProgress logFile
INFO: Player shot 9,8; status: miss

дек. 13, 2022 12:03:38 PM SaveProgress logFile
INFO: Computer shot 8,4; status: miss

дек. 13, 2022 12:03:39 PM SaveProgress logFile
INFO: Player shot 9,7; status: miss

дек. 13, 2022 12:03:39 PM SaveProgress logFile
INFO: Computer shot 2,9; status: miss

дек. 13, 2022 12:03:40 PM SaveProgress logFile
INFO: Player shot 9,6; status: miss

дек. 13, 2022 12:03:40 PM SaveProgress logFile
INFO: Computer shot 4,5; status: hit

дек. 13, 2022 12:03:40 PM SaveProgress logFile
INFO: Computer shot 4,6; status: hit

дек. 13, 2022 12:03:41 PM SaveProgress logFile
INFO: Computer shot 5,7; status: miss

дек. 13, 2022 12:03:42 PM SaveProgress logFile
INFO: Player shot 1,4; status: miss

дек. 13, 2022 12:03:42 PM SaveProgress logFile
INFO: Computer kill 3-pallubs ship

дек. 13, 2022 12:03:42 PM SaveProgress logFile
INFO: Computer shot 6,7; status: miss

дек. 13, 2022 12:03:43 PM SaveProgress logFile
INFO: Player shot 0,3; status: miss

дек. 13, 2022 12:03:43 PM SaveProgress logFile
INFO: Computer shot 3,5; status: miss

дек. 13, 2022 12:03:44 PM SaveProgress logFile
INFO: Player shot 1,3; status: miss

дек. 13, 2022 12:03:44 PM SaveProgress logFile
INFO: Computer shot 3,6; status: miss

дек. 13, 2022 12:03:45 PM SaveProgress logFile
INFO: Player shot 3,2; status: miss

дек. 13, 2022 12:03:46 PM SaveProgress logFile
INFO: Computer shot 3,0; status: miss

дек. 13, 2022 12:03:47 PM SaveProgress logFile
INFO: Player kill 1-palubs ship

дек. 13, 2022 12:03:48 PM SaveProgress logFile
INFO: Player shot 2,3; status: miss

дек. 13, 2022 12:03:48 PM SaveProgress logFile
INFO: Computer shot 3,7; status: miss

дек. 13, 2022 12:03:49 PM SaveProgress logFile
INFO: Player shot 3,4; status: miss

дек. 13, 2022 12:03:49 PM SaveProgress logFile
INFO: Computer shot 1,2; status: miss

дек. 13, 2022 12:03:50 PM SaveProgress logFile
INFO: Player shot 4,3; status: miss

дек. 13, 2022 12:03:50 PM SaveProgress logFile
INFO: Computer shot 6,6; status: miss

дек. 13, 2022 12:03:51 PM SaveProgress logFile
INFO: Player shot 4,5; status: miss

дек. 13, 2022 12:03:51 PM SaveProgress logFile
INFO: Computer shot 0,1; status: miss

дек. 13, 2022 12:03:52 PM SaveProgress logFile
INFO: Player shot 3,6; status: miss

дек. 13, 2022 12:03:52 PM SaveProgress logFile
INFO: Computer shot 9,7; status: miss

дек. 13, 2022 12:03:53 PM SaveProgress logFile
INFO: Player kill 1-palubs ship

дек. 13, 2022 12:03:58 PM SaveProgress logFile
INFO: Player shot 5,8; status: miss

дек. 13, 2022 12:03:58 PM SaveProgress logFile
INFO: Computer shot 0,2; status: miss

дек. 13, 2022 12:03:59 PM SaveProgress logFile
INFO: Player shot 5,9; status: miss

дек. 13, 2022 12:03:59 PM SaveProgress logFile
INFO: Computer shot 2,6; status: miss

дек. 13, 2022 12:04:01 PM SaveProgress logFile
INFO: Player kill 1-palubs ship

дек. 13, 2022 12:04:03 PM SaveProgress logFile
INFO: Player shot 5,4; status: miss

дек. 13, 2022 12:04:04 PM SaveProgress logFile
INFO: Computer shot 5,8; status: miss

дек. 13, 2022 12:04:05 PM SaveProgress logFile
INFO: Player shot 0,4; status: miss

дек. 13, 2022 12:04:05 PM SaveProgress logFile
INFO: Computer shot 7,6; status: miss

дек. 13, 2022 12:04:06 PM SaveProgress logFile
INFO: Player shot 2,2; status: miss

дек. 13, 2022 12:04:06 PM SaveProgress logFile
INFO: Computer shot 4,6; status: miss

дек. 13, 2022 12:04:07 PM SaveProgress logFile
INFO: Player shot 1,2; status: miss

дек. 13, 2022 12:04:07 PM SaveProgress logFile
INFO: Computer shot 9,6; status: hit

дек. 13, 2022 12:04:07 PM SaveProgress logFile
INFO: Computer shot 8,6; status: miss

дек. 13, 2022 12:04:09 PM SaveProgress logFile
INFO: Player shot 7,1; status: miss

дек. 13, 2022 12:04:09 PM SaveProgress logFile
INFO: Computer shot 9,5; status: miss

дек. 13, 2022 12:04:10 PM SaveProgress logFile
INFO: Player shot 9,0; status: miss

дек. 13, 2022 12:04:10 PM SaveProgress logFile
INFO: Computer kill 2-pallubs ship

дек. 13, 2022 12:04:11 PM SaveProgress logFile
INFO: Computer shot 9,4; status: miss

дек. 13, 2022 12:04:27 PM SaveProgress logFile
INFO: Player shot 8,7; status: miss

дек. 13, 2022 12:04:28 PM SaveProgress logFile
INFO: Computer shot 0,1; status: hit

дек. 13, 2022 12:04:28 PM SaveProgress logFile
INFO: Computer kill 1-palubs ship

дек. 13, 2022 12:04:28 PM SaveProgress logFile
INFO: Computer shot 4,0; status: miss

дек. 13, 2022 12:04:35 PM SaveProgress logFile
INFO: Player shot 8,8; status: miss

дек. 13, 2022 12:04:35 PM SaveProgress logFile
INFO: Computer shot 0,2; status: hit

дек. 13, 2022 12:04:36 PM SaveProgress logFile
INFO: Computer kill 3-pallubs ship

дек. 13, 2022 12:04:40 PM SaveProgress logFile
INFO: Computer win!
дек. 13, 2022 12:04:40 PM SaveProgress logFile
INFO: Computer shot 9,0; status: miss

