дек. 17, 2022 12:07:51 PM SaveProgress logFile
INFO: Start Game: Sat Dec 17 12:07:51 MSK 2022


дек. 17, 2022 12:08:04 PM SaveProgress logFile
INFO: Player shot 0,2; status: hit

дек. 17, 2022 12:08:06 PM SaveProgress logFile
INFO: Player shot 3,2; status: miss

дек. 17, 2022 12:08:06 PM SaveProgress logFile
INFO: Computer shot 9,1; status: miss

дек. 17, 2022 12:08:08 PM SaveProgress logFile
INFO: Player shot 4,3; status: miss

дек. 17, 2022 12:08:08 PM SaveProgress logFile
INFO: Computer shot 2,7; status: miss

дек. 17, 2022 12:08:09 PM SaveProgress logFile
INFO: Player shot 7,4; status: miss

дек. 17, 2022 12:08:09 PM SaveProgress logFile
INFO: Computer shot 3,7; status: miss

дек. 17, 2022 12:08:09 PM SaveProgress logFile
INFO: Player shot 6,7; status: miss

дек. 17, 2022 12:08:10 PM SaveProgress logFile
INFO: Computer shot 2,0; status: miss

дек. 17, 2022 12:08:10 PM SaveProgress logFile
INFO: Player shot 1,4; status: miss

дек. 17, 2022 12:08:11 PM SaveProgress logFile
INFO: Computer shot 7,9; status: miss

дек. 17, 2022 12:08:11 PM SaveProgress logFile
INFO: Player shot 1,8; status: miss

дек. 17, 2022 12:08:11 PM SaveProgress logFile
INFO: Computer shot 8,3; status: hit

дек. 17, 2022 12:08:12 PM SaveProgress logFile
INFO: Computer shot 8,4; status: miss

дек. 17, 2022 12:08:12 PM SaveProgress logFile
INFO: Player shot 3,6; status: miss

дек. 17, 2022 12:08:12 PM SaveProgress logFile
INFO: Computer shot 9,3; status: miss

дек. 17, 2022 12:08:14 PM SaveProgress logFile
INFO: Player shot 0,1; status: miss

дек. 17, 2022 12:08:14 PM SaveProgress logFile
INFO: Computer kill 2-pallubs ship

дек. 17, 2022 12:08:15 PM SaveProgress logFile
INFO: Computer shot 6,9; status: miss

дек. 17, 2022 12:08:15 PM SaveProgress logFile
INFO: Player shot 3,1; status: miss

дек. 17, 2022 12:08:16 PM SaveProgress logFile
INFO: Computer shot 3,3; status: hit

дек. 17, 2022 12:08:16 PM SaveProgress logFile
INFO: Computer shot 4,3; status: hit

дек. 17, 2022 12:08:23 PM SaveProgress logFile
INFO: Player shot 8,6; status: miss

дек. 17, 2022 12:08:23 PM SaveProgress logFile
INFO: Computer kill 3-pallubs ship

дек. 17, 2022 12:08:24 PM SaveProgress logFile
INFO: Computer shot 6,0; status: miss

дек. 17, 2022 12:08:27 PM SaveProgress logFile
INFO: Player shot 8,5; status: miss

дек. 17, 2022 12:08:27 PM SaveProgress logFile
INFO: Computer shot 6,6; status: miss

дек. 17, 2022 12:08:28 PM SaveProgress logFile
INFO: Player shot 9,4; status: miss

дек. 17, 2022 12:08:28 PM SaveProgress logFile
INFO: Computer shot 4,7; status: hit

дек. 17, 2022 12:08:29 PM SaveProgress logFile
INFO: Computer shot 3,7; status: miss

дек. 17, 2022 12:08:46 PM SaveProgress logFile
INFO: Set difficult Hard.

дек. 17, 2022 12:08:48 PM SaveProgress logFile
INFO: Set difficult Easy.

