дек. 17, 2022 1:54:36 AM SaveProgress logFile
INFO: Start Game: Sat Dec 17 01:54:36 MSK 2022


дек. 17, 2022 1:54:36 AM SaveProgress logFile
INFO: Player shot 1,4; status: miss

дек. 17, 2022 1:54:37 AM SaveProgress logFile
INFO: Computer shot 7,0; status: miss

дек. 17, 2022 1:54:37 AM SaveProgress logFile
INFO: Player shot 1,6; status: miss

дек. 17, 2022 1:54:37 AM SaveProgress logFile
INFO: Computer shot 3,2; status: miss

дек. 17, 2022 1:54:38 AM SaveProgress logFile
INFO: Player shot 2,6; status: miss

дек. 17, 2022 1:54:38 AM SaveProgress logFile
INFO: Computer shot 7,6; status: miss

дек. 17, 2022 1:54:39 AM SaveProgress logFile
INFO: Player shot 3,5; status: miss

дек. 17, 2022 1:54:39 AM SaveProgress logFile
INFO: Computer shot 0,0; status: miss

дек. 17, 2022 1:54:39 AM SaveProgress logFile
INFO: Player shot 5,6; status: miss

дек. 17, 2022 1:54:40 AM SaveProgress logFile
INFO: Computer shot 5,2; status: hit

дек. 17, 2022 1:54:40 AM SaveProgress logFile
INFO: Computer shot 5,1; status: miss

дек. 17, 2022 1:54:40 AM SaveProgress logFile
INFO: Player shot 6,4; status: miss

дек. 17, 2022 1:54:40 AM SaveProgress logFile
INFO: Computer shot 6,2; status: miss

дек. 17, 2022 1:55:02 AM SaveProgress logFile
INFO: Player shot 4,8; status: miss

дек. 17, 2022 1:55:02 AM SaveProgress logFile
INFO: Computer kill 2-pallubs ship

дек. 17, 2022 1:55:03 AM SaveProgress logFile
INFO: Computer shot 3,7; status: miss

дек. 17, 2022 1:55:03 AM SaveProgress logFile
INFO: Player shot 3,9; status: miss

дек. 17, 2022 1:55:04 AM SaveProgress logFile
INFO: Computer shot 1,1; status: miss

дек. 17, 2022 1:55:04 AM SaveProgress logFile
INFO: Player shot 5,9; status: miss

дек. 17, 2022 1:55:04 AM SaveProgress logFile
INFO: Computer shot 6,5; status: miss

дек. 17, 2022 1:55:05 AM SaveProgress logFile
INFO: Player shot 7,9; status: miss

дек. 17, 2022 1:55:05 AM SaveProgress logFile
INFO: Computer shot 4,1; status: miss

дек. 17, 2022 1:55:05 AM SaveProgress logFile
INFO: Player shot 8,8; status: miss

дек. 17, 2022 1:55:06 AM SaveProgress logFile
INFO: Computer shot 5,0; status: miss

