дек. 19, 2022 2:12:08 AM SaveProgress logFile
INFO: Start Game: Mon Dec 19 02:12:08 MSK 2022


дек. 19, 2022 2:12:14 AM SaveProgress logFile
INFO: Player shot 5,8; status: miss

дек. 19, 2022 2:12:14 AM SaveProgress logFile
INFO: Computer shot 3,5; status: miss

дек. 19, 2022 2:12:15 AM SaveProgress logFile
INFO: Player shot 7,8; status: miss

дек. 19, 2022 2:12:15 AM SaveProgress logFile
INFO: Computer shot 7,5; status: miss

дек. 19, 2022 2:12:16 AM SaveProgress logFile
INFO: Player shot 5,3; status: hit

дек. 19, 2022 2:12:16 AM SaveProgress logFile
INFO: Player shot 2,6; status: miss

дек. 19, 2022 2:12:16 AM SaveProgress logFile
INFO: Computer shot 8,1; status: miss

дек. 19, 2022 2:12:17 AM SaveProgress logFile
INFO: Player shot 2,7; status: hit

дек. 19, 2022 2:12:17 AM SaveProgress logFile
INFO: Player shot 6,6; status: miss

дек. 19, 2022 2:12:18 AM SaveProgress logFile
INFO: Computer shot 4,5; status: miss

дек. 19, 2022 2:12:18 AM SaveProgress logFile
INFO: Player shot 5,6; status: miss

дек. 19, 2022 2:12:18 AM SaveProgress logFile
INFO: Computer shot 4,3; status: miss

дек. 19, 2022 2:12:19 AM SaveProgress logFile
INFO: Player shot 4,4; status: miss

дек. 19, 2022 2:12:19 AM SaveProgress logFile
INFO: Computer shot 1,4; status: miss

дек. 19, 2022 2:12:20 AM SaveProgress logFile
INFO: Player kill 1-palubs ship

