дек. 17, 2022 1:52:26 AM SaveProgress logFile
INFO: Start Game: Sat Dec 17 01:52:26 MSK 2022


дек. 17, 2022 1:52:27 AM SaveProgress logFile
INFO: Player shot 4,4; status: miss

дек. 17, 2022 1:52:28 AM SaveProgress logFile
INFO: Computer shot 2,7; status: miss

дек. 17, 2022 1:52:28 AM SaveProgress logFile
INFO: Player shot 4,6; status: hit

дек. 17, 2022 1:52:29 AM SaveProgress logFile
INFO: Player shot 4,7; status: hit

дек. 17, 2022 1:52:29 AM SaveProgress logFile
INFO: Player shot 4,8; status: hit

дек. 17, 2022 1:52:30 AM SaveProgress logFile
INFO: Player kill 4-pallubs ship

дек. 17, 2022 1:52:31 AM SaveProgress logFile
INFO: Player shot 7,7; status: hit

дек. 17, 2022 1:52:31 AM SaveProgress logFile
INFO: Player shot 7,6; status: miss

дек. 17, 2022 1:52:31 AM SaveProgress logFile
INFO: Computer shot 1,2; status: miss

дек. 17, 2022 1:52:32 AM SaveProgress logFile
INFO: Player shot 7,5; status: miss

дек. 17, 2022 1:52:32 AM SaveProgress logFile
INFO: Computer shot 5,3; status: miss

дек. 17, 2022 1:52:32 AM SaveProgress logFile
INFO: Player shot 7,4; status: miss

дек. 17, 2022 1:52:32 AM SaveProgress logFile
INFO: Computer shot 0,1; status: miss

дек. 17, 2022 1:52:33 AM SaveProgress logFile
INFO: Player shot 6,3; status: miss

дек. 17, 2022 1:52:33 AM SaveProgress logFile
INFO: Computer shot 7,4; status: hit

дек. 17, 2022 1:52:33 AM SaveProgress logFile
INFO: Computer shot 8,4; status: miss

дек. 17, 2022 1:52:34 AM SaveProgress logFile
INFO: Player shot 5,3; status: miss

дек. 17, 2022 1:52:34 AM SaveProgress logFile
INFO: Computer shot 7,3; status: miss

дек. 17, 2022 1:52:45 AM SaveProgress logFile
INFO: Player shot 3,3; status: miss

дек. 17, 2022 1:52:45 AM SaveProgress logFile
INFO: Computer shot 7,5; status: miss

