дек. 17, 2022 1:59:32 AM SaveProgress logFile
INFO: Start Game: Sat Dec 17 01:59:32 MSK 2022


дек. 17, 2022 1:59:37 AM SaveProgress logFile
INFO: Set difficult Hard.

дек. 17, 2022 1:59:42 AM SaveProgress logFile
INFO: Player shot 3,3; status: miss

дек. 17, 2022 1:59:43 AM SaveProgress logFile
INFO: Computer shot 2,7; status: miss

дек. 17, 2022 1:59:43 AM SaveProgress logFile
INFO: Player shot 4,4; status: miss

дек. 17, 2022 1:59:44 AM SaveProgress logFile
INFO: Computer kill 1-palubs ship

дек. 17, 2022 1:59:44 AM SaveProgress logFile
INFO: Computer shot 1,1; status: miss

дек. 17, 2022 1:59:44 AM SaveProgress logFile
INFO: Player shot 4,7; status: miss

дек. 17, 2022 1:59:45 AM SaveProgress logFile
INFO: Computer shot 8,3; status: hit

дек. 17, 2022 1:59:45 AM SaveProgress logFile
INFO: Computer shot 8,2; status: miss

дек. 17, 2022 1:59:45 AM SaveProgress logFile
INFO: Player shot 6,8; status: miss

дек. 17, 2022 1:59:46 AM SaveProgress logFile
INFO: Computer shot 7,3; status: hit

дек. 17, 2022 1:59:46 AM SaveProgress logFile
INFO: Computer shot 9,4; status: miss

дек. 17, 2022 1:59:47 AM SaveProgress logFile
INFO: Player shot 7,6; status: hit

дек. 17, 2022 1:59:48 AM SaveProgress logFile
INFO: Player shot 7,7; status: miss

дек. 17, 2022 1:59:48 AM SaveProgress logFile
INFO: Computer shot 7,0; status: miss

дек. 17, 2022 1:59:49 AM SaveProgress logFile
INFO: Player shot 6,7; status: miss

дек. 17, 2022 1:59:49 AM SaveProgress logFile
INFO: Computer shot 6,3; status: hit

дек. 17, 2022 1:59:49 AM SaveProgress logFile
INFO: Computer kill 4-pallubs ship

дек. 17, 2022 1:59:50 AM SaveProgress logFile
INFO: Computer kill 1-palubs ship

дек. 17, 2022 1:59:50 AM SaveProgress logFile
INFO: Computer shot 1,9; status: miss

дек. 17, 2022 1:59:51 AM SaveProgress logFile
INFO: Player shot 2,7; status: miss

дек. 17, 2022 1:59:51 AM SaveProgress logFile
INFO: Computer shot 0,2; status: hit

дек. 17, 2022 1:59:52 AM SaveProgress logFile
INFO: Computer shot 0,1; status: miss

дек. 17, 2022 1:59:52 AM SaveProgress logFile
INFO: Player shot 3,7; status: miss

дек. 17, 2022 1:59:52 AM SaveProgress logFile
INFO: Computer kill 2-pallubs ship

дек. 17, 2022 1:59:52 AM SaveProgress logFile
INFO: Computer shot 1,7; status: miss

дек. 17, 2022 1:59:53 AM SaveProgress logFile
INFO: Player shot 2,9; status: miss

дек. 17, 2022 1:59:53 AM SaveProgress logFile
INFO: Computer shot 5,0; status: miss

дек. 17, 2022 1:59:54 AM SaveProgress logFile
INFO: Player shot 4,9; status: miss

дек. 17, 2022 1:59:54 AM SaveProgress logFile
INFO: Computer shot 2,3; status: miss

дек. 17, 2022 1:59:55 AM SaveProgress logFile
INFO: Player shot 2,8; status: miss

дек. 17, 2022 1:59:55 AM SaveProgress logFile
INFO: Computer shot 0,5; status: miss

дек. 17, 2022 1:59:56 AM SaveProgress logFile
INFO: Player shot 2,6; status: miss

дек. 17, 2022 1:59:56 AM SaveProgress logFile
INFO: Computer shot 1,6; status: hit

дек. 17, 2022 1:59:57 AM SaveProgress logFile
INFO: Computer shot 2,6; status: miss

дек. 17, 2022 1:59:57 AM SaveProgress logFile
INFO: Player shot 4,6; status: miss

дек. 17, 2022 1:59:57 AM SaveProgress logFile
INFO: Computer shot 0,6; status: miss

дек. 17, 2022 1:59:58 AM SaveProgress logFile
INFO: Player shot 5,5; status: miss

дек. 17, 2022 1:59:58 AM SaveProgress logFile
INFO: Computer shot 1,7; status: miss

дек. 17, 2022 1:59:59 AM SaveProgress logFile
INFO: Player shot 5,7; status: miss

дек. 17, 2022 1:59:59 AM SaveProgress logFile
INFO: Computer shot 1,5; status: hit

дек. 17, 2022 1:59:59 AM SaveProgress logFile
INFO: Computer kill 3-pallubs ship

дек. 17, 2022 2:00:00 AM SaveProgress logFile
INFO: Computer shot 6,3; status: miss

