дек. 17, 2022 1:35:57 PM SaveProgress logFile
INFO: Start Game: Sat Dec 17 13:35:57 MSK 2022


дек. 17, 2022 1:35:58 PM SaveProgress logFile
INFO: Player shot 3,4; status: miss

дек. 17, 2022 1:35:58 PM SaveProgress logFile
INFO: Computer kill 1-palubs ship

дек. 17, 2022 1:35:59 PM SaveProgress logFile
INFO: Computer shot 3,3; status: miss

дек. 17, 2022 1:35:59 PM SaveProgress logFile
INFO: Player shot 5,6; status: miss

дек. 17, 2022 1:35:59 PM SaveProgress logFile
INFO: Computer shot 3,1; status: miss

дек. 17, 2022 1:36:00 PM SaveProgress logFile
INFO: Player shot 6,7; status: miss

дек. 17, 2022 1:36:00 PM SaveProgress logFile
INFO: Computer shot 1,3; status: miss

дек. 17, 2022 1:36:01 PM SaveProgress logFile
INFO: Player shot 4,8; status: miss

дек. 17, 2022 1:36:01 PM SaveProgress logFile
INFO: Computer shot 0,7; status: miss

дек. 17, 2022 1:36:02 PM SaveProgress logFile
INFO: Player shot 2,7; status: miss

дек. 17, 2022 1:36:02 PM SaveProgress logFile
INFO: Computer shot 2,9; status: hit

дек. 17, 2022 1:36:03 PM SaveProgress logFile
INFO: Computer shot 3,9; status: hit

дек. 17, 2022 1:36:05 PM SaveProgress logFile
INFO: Start Game: Sat Dec 17 13:36:05 MSK 2022


