дек. 19, 2022 2:34:54 AM SaveProgress logFile
INFO: Start Game: Mon Dec 19 02:34:54 MSK 2022


дек. 19, 2022 2:34:55 AM SaveProgress logFile
INFO: Player shot 5,6; status: miss

дек. 19, 2022 2:34:55 AM SaveProgress logFile
INFO: Computer shot 6,9; status: miss

дек. 19, 2022 2:34:56 AM SaveProgress logFile
INFO: Player shot 2,6; status: miss

дек. 19, 2022 2:34:56 AM SaveProgress logFile
INFO: Computer shot 9,3; status: miss

дек. 19, 2022 2:34:56 AM SaveProgress logFile
INFO: Player shot 2,9; status: miss

дек. 19, 2022 2:34:56 AM SaveProgress logFile
INFO: Computer shot 9,0; status: miss

дек. 19, 2022 2:34:56 AM SaveProgress logFile
INFO: Player shot 5,9; status: hit

дек. 19, 2022 2:34:57 AM SaveProgress logFile
INFO: Player shot 5,8; status: miss

дек. 19, 2022 2:34:57 AM SaveProgress logFile
INFO: Computer shot 5,1; status: miss

дек. 19, 2022 2:34:58 AM SaveProgress logFile
INFO: Player shot 6,9; status: hit

дек. 19, 2022 2:34:58 AM SaveProgress logFile
INFO: Player shot 4,9; status: miss

дек. 19, 2022 2:34:58 AM SaveProgress logFile
INFO: Computer shot 1,7; status: miss

дек. 19, 2022 2:34:59 AM SaveProgress logFile
INFO: Player shot 7,9; status: hit

дек. 19, 2022 2:34:59 AM SaveProgress logFile
INFO: Player kill 4-pallubs ship

дек. 19, 2022 2:35:00 AM SaveProgress logFile
INFO: Player shot 8,5; status: hit

дек. 19, 2022 2:35:00 AM SaveProgress logFile
INFO: Player shot 6,5; status: hit

дек. 19, 2022 2:35:01 AM SaveProgress logFile
INFO: Player kill 3-pallubs ship

дек. 19, 2022 2:35:02 AM SaveProgress logFile
INFO: Player shot 2,4; status: hit

дек. 19, 2022 2:35:02 AM SaveProgress logFile
INFO: Player shot 2,5; status: hit

дек. 19, 2022 2:35:03 AM SaveProgress logFile
INFO: Player kill 3-pallubs ship

дек. 19, 2022 2:35:03 AM SaveProgress logFile
INFO: Player shot 6,3; status: miss

дек. 19, 2022 2:35:04 AM SaveProgress logFile
INFO: Computer shot 3,4; status: miss

дек. 19, 2022 2:35:04 AM SaveProgress logFile
INFO: Player kill 1-palubs ship

дек. 19, 2022 2:35:05 AM SaveProgress logFile
INFO: Player shot 9,2; status: miss

дек. 19, 2022 2:35:06 AM SaveProgress logFile
INFO: Computer shot 0,0; status: miss

дек. 19, 2022 2:35:06 AM SaveProgress logFile
INFO: Player shot 8,3; status: miss

дек. 19, 2022 2:35:06 AM SaveProgress logFile
INFO: Computer shot 0,3; status: miss

дек. 19, 2022 2:35:06 AM SaveProgress logFile
INFO: Player shot 8,2; status: hit

дек. 19, 2022 2:35:07 AM SaveProgress logFile
INFO: Player kill 2-pallubs ship

дек. 19, 2022 2:35:09 AM SaveProgress logFile
INFO: Player shot 2,7; status: miss

дек. 19, 2022 2:35:09 AM SaveProgress logFile
INFO: Computer shot 0,8; status: miss

дек. 19, 2022 2:35:09 AM SaveProgress logFile
INFO: Player shot 2,8; status: miss

дек. 19, 2022 2:35:10 AM SaveProgress logFile
INFO: Computer kill 1-palubs ship

дек. 19, 2022 2:35:10 AM SaveProgress logFile
INFO: Computer shot 4,2; status: miss

дек. 19, 2022 2:35:10 AM SaveProgress logFile
INFO: Player shot 1,8; status: miss

дек. 19, 2022 2:35:11 AM SaveProgress logFile
INFO: Computer shot 8,4; status: miss

дек. 19, 2022 2:35:12 AM SaveProgress logFile
INFO: Player shot 1,7; status: miss

дек. 19, 2022 2:35:12 AM SaveProgress logFile
INFO: Computer shot 3,1; status: miss

дек. 19, 2022 2:35:16 AM SaveProgress logFile
INFO: Player shot 1,9; status: hit

дек. 19, 2022 2:35:17 AM SaveProgress logFile
INFO: Player shot 3,9; status: miss

дек. 19, 2022 2:35:18 AM SaveProgress logFile
INFO: Computer shot 4,9; status: miss

дек. 19, 2022 2:35:22 AM SaveProgress logFile
INFO: Player shot 1,1; status: miss

дек. 19, 2022 2:35:22 AM SaveProgress logFile
INFO: Computer shot 7,8; status: miss

дек. 19, 2022 2:35:22 AM SaveProgress logFile
INFO: Player shot 1,0; status: miss

дек. 19, 2022 2:35:23 AM SaveProgress logFile
INFO: Computer shot 0,1; status: miss

дек. 19, 2022 2:35:32 AM SaveProgress logFile
INFO: Player shot 8,7; status: miss

дек. 19, 2022 2:35:32 AM SaveProgress logFile
INFO: Computer shot 1,1; status: miss

дек. 19, 2022 2:35:32 AM SaveProgress logFile
INFO: Player shot 9,7; status: miss

дек. 19, 2022 2:35:33 AM SaveProgress logFile
INFO: Computer shot 4,0; status: miss

