дек. 17, 2022 12:21:10 AM SaveProgress logFile
INFO: Start Game: Sat Dec 17 00:21:10 MSK 2022


дек. 17, 2022 12:21:11 AM SaveProgress logFile
INFO: Player shot 4,4; status: miss

дек. 17, 2022 12:21:11 AM SaveProgress logFile
INFO: Computer shot 8,1; status: miss

дек. 17, 2022 12:21:22 AM SaveProgress logFile
INFO: Player shot 4,7; status: hit

дек. 17, 2022 12:21:28 AM SaveProgress logFile
INFO: Player shot 2,6; status: miss

дек. 17, 2022 12:21:29 AM SaveProgress logFile
INFO: Computer shot 3,9; status: hit

дек. 17, 2022 12:21:29 AM SaveProgress logFile
INFO: Computer shot 4,9; status: miss

дек. 17, 2022 12:21:40 AM SaveProgress logFile
INFO: Player shot 2,8; status: miss

дек. 17, 2022 12:21:40 AM SaveProgress logFile
INFO: Computer shot 2,9; status: miss

дек. 17, 2022 12:21:46 AM SaveProgress logFile
INFO: Player shot 5,9; status: miss

дек. 17, 2022 12:21:46 AM SaveProgress logFile
INFO: Computer kill 2-pallubs ship

дек. 17, 2022 12:21:46 AM SaveProgress logFile
INFO: Computer shot 0,3; status: miss

дек. 17, 2022 12:21:52 AM SaveProgress logFile
INFO: Player shot 8,8; status: miss

дек. 17, 2022 12:21:52 AM SaveProgress logFile
INFO: Computer shot 2,0; status: miss

дек. 17, 2022 12:21:58 AM SaveProgress logFile
INFO: Player shot 7,5; status: miss

дек. 17, 2022 12:21:58 AM SaveProgress logFile
INFO: Computer shot 8,9; status: miss

