дек. 17, 2022 1:27:44 PM SaveProgress logFile
INFO: Start Game: Sat Dec 17 13:27:44 MSK 2022


дек. 17, 2022 1:27:45 PM SaveProgress logFile
INFO: Player shot 4,5; status: miss

дек. 17, 2022 1:27:45 PM SaveProgress logFile
INFO: Computer shot 4,9; status: hit

дек. 17, 2022 1:27:46 PM SaveProgress logFile
INFO: Computer shot 3,9; status: hit

дек. 17, 2022 1:27:46 PM SaveProgress logFile
INFO: Computer kill 3-pallubs ship

дек. 17, 2022 1:27:46 PM SaveProgress logFile
INFO: Computer shot 6,1; status: miss

дек. 17, 2022 1:27:48 PM SaveProgress logFile
INFO: Player shot 7,8; status: miss

дек. 17, 2022 1:27:48 PM SaveProgress logFile
INFO: Computer shot 6,5; status: miss

дек. 17, 2022 1:27:51 PM SaveProgress logFile
INFO: Player shot 8,5; status: miss

дек. 17, 2022 1:27:52 PM SaveProgress logFile
INFO: Computer shot 1,3; status: miss

дек. 17, 2022 1:27:56 PM SaveProgress logFile
INFO: Player shot 2,5; status: miss

дек. 17, 2022 1:27:56 PM SaveProgress logFile
INFO: Computer shot 4,4; status: miss

дек. 17, 2022 1:27:56 PM SaveProgress logFile
INFO: Player shot 3,5; status: miss

дек. 17, 2022 1:27:57 PM SaveProgress logFile
INFO: Computer shot 8,7; status: miss

дек. 17, 2022 1:27:57 PM SaveProgress logFile
INFO: Player shot 3,6; status: hit

дек. 17, 2022 1:27:58 PM SaveProgress logFile
INFO: Player shot 3,7; status: miss

дек. 17, 2022 1:27:58 PM SaveProgress logFile
INFO: Computer shot 8,0; status: miss

дек. 17, 2022 1:27:58 PM SaveProgress logFile
INFO: Player shot 3,8; status: hit

дек. 17, 2022 1:27:59 PM SaveProgress logFile
INFO: Player shot 2,6; status: miss

дек. 17, 2022 1:27:59 PM SaveProgress logFile
INFO: Computer shot 8,5; status: hit

дек. 17, 2022 1:27:59 PM SaveProgress logFile
INFO: Computer shot 7,5; status: miss

дек. 17, 2022 1:27:59 PM SaveProgress logFile
INFO: Player kill 3-pallubs ship

дек. 17, 2022 1:28:00 PM SaveProgress logFile
INFO: Player shot 5,6; status: hit

дек. 17, 2022 1:28:01 PM SaveProgress logFile
INFO: Player shot 7,6; status: miss

дек. 17, 2022 1:28:01 PM SaveProgress logFile
INFO: Computer shot 8,4; status: miss

дек. 17, 2022 1:28:01 PM SaveProgress logFile
INFO: Player shot 6,6; status: miss

дек. 17, 2022 1:28:02 PM SaveProgress logFile
INFO: Computer shot 8,6; status: miss

дек. 17, 2022 1:28:04 PM SaveProgress logFile
INFO: Player shot 8,8; status: miss

дек. 17, 2022 1:28:04 PM SaveProgress logFile
INFO: Computer kill 2-pallubs ship

дек. 17, 2022 1:28:04 PM SaveProgress logFile
INFO: Computer shot 9,1; status: hit

дек. 17, 2022 1:28:05 PM SaveProgress logFile
INFO: Computer shot 8,1; status: miss

дек. 17, 2022 1:28:05 PM SaveProgress logFile
INFO: Player shot 8,7; status: miss

дек. 17, 2022 1:28:05 PM SaveProgress logFile
INFO: Computer kill 2-pallubs ship

дек. 17, 2022 1:28:05 PM SaveProgress logFile
INFO: Computer shot 0,6; status: miss

дек. 17, 2022 1:28:05 PM SaveProgress logFile
INFO: Player shot 4,3; status: miss

дек. 17, 2022 1:28:06 PM SaveProgress logFile
INFO: Computer shot 7,0; status: miss

дек. 17, 2022 1:28:06 PM SaveProgress logFile
INFO: Player shot 1,2; status: miss

дек. 17, 2022 1:28:06 PM SaveProgress logFile
INFO: Computer shot 5,5; status: miss

дек. 17, 2022 1:28:14 PM SaveProgress logFile
INFO: Start Game: Sat Dec 17 13:28:14 MSK 2022


