дек. 13, 2022 10:49:17 AM SaveProgress logFile
INFO: Start Game: Tue Dec 13 10:49:17 MSK 2022


дек. 13, 2022 10:49:25 AM SaveProgress logFile
INFO: Player shot 2,2; status: miss

дек. 13, 2022 10:49:26 AM SaveProgress logFile
INFO: Computer shot 2,3; status: miss

дек. 13, 2022 10:49:29 AM SaveProgress logFile
INFO: Player shot 2,4; status: miss

дек. 13, 2022 10:49:30 AM SaveProgress logFile
INFO: Computer shot 5,5; status: miss

дек. 13, 2022 10:49:32 AM SaveProgress logFile
INFO: Player kill 1-palubs ship

дек. 13, 2022 10:49:36 AM SaveProgress logFile
INFO: Player shot 2,8; status: hit

дек. 13, 2022 10:49:38 AM SaveProgress logFile
INFO: Player shot 2,9; status: miss

дек. 13, 2022 10:49:38 AM SaveProgress logFile
INFO: Computer shot 4,9; status: miss

дек. 13, 2022 10:49:40 AM SaveProgress logFile
INFO: Player shot 1,8; status: miss

дек. 13, 2022 10:49:41 AM SaveProgress logFile
INFO: Computer shot 6,4; status: miss

дек. 13, 2022 10:49:44 AM SaveProgress logFile
INFO: Player shot 3,8; status: hit

дек. 13, 2022 10:49:49 AM SaveProgress logFile
INFO: Player kill 3-pallubs ship

дек. 13, 2022 10:49:56 AM SaveProgress logFile
INFO: Player shot 7,8; status: hit

дек. 13, 2022 10:50:00 AM SaveProgress logFile
INFO: Player shot 8,8; status: miss

дек. 13, 2022 10:50:01 AM SaveProgress logFile
INFO: Computer shot 3,7; status: miss

дек. 13, 2022 10:50:03 AM SaveProgress logFile
INFO: Player kill 2-pallubs ship

дек. 13, 2022 10:50:07 AM SaveProgress logFile
INFO: Player shot 7,5; status: miss

дек. 13, 2022 10:50:07 AM SaveProgress logFile
INFO: Computer shot 8,8; status: miss

дек. 13, 2022 10:50:08 AM SaveProgress logFile
INFO: Player shot 6,5; status: miss

дек. 13, 2022 10:50:08 AM SaveProgress logFile
INFO: Computer shot 2,2; status: miss

дек. 13, 2022 10:50:09 AM SaveProgress logFile
INFO: Player shot 6,6; status: hit

дек. 13, 2022 10:50:10 AM SaveProgress logFile
INFO: Player shot 5,6; status: miss

дек. 13, 2022 10:50:10 AM SaveProgress logFile
INFO: Computer shot 4,6; status: miss

дек. 13, 2022 10:50:11 AM SaveProgress logFile
INFO: Player shot 5,4; status: miss

дек. 13, 2022 10:50:12 AM SaveProgress logFile
INFO: Computer shot 8,0; status: hit

дек. 13, 2022 10:50:12 AM SaveProgress logFile
INFO: Computer kill 2-pallubs ship

дек. 13, 2022 10:50:12 AM SaveProgress logFile
INFO: Computer shot 3,0; status: miss

дек. 13, 2022 10:50:31 AM SaveProgress logFile
INFO: Player shot 4,3; status: miss

дек. 13, 2022 10:50:31 AM SaveProgress logFile
INFO: Computer shot 4,4; status: miss

дек. 13, 2022 10:50:31 AM SaveProgress logFile
INFO: Player shot 5,3; status: hit

дек. 13, 2022 10:50:32 AM SaveProgress logFile
INFO: Player shot 6,3; status: hit

дек. 13, 2022 10:50:33 AM SaveProgress logFile
INFO: Player shot 7,3; status: hit

дек. 13, 2022 10:50:33 AM SaveProgress logFile
INFO: Player kill 4-pallubs ship

дек. 13, 2022 10:50:38 AM SaveProgress logFile
INFO: Player shot 0,3; status: miss

дек. 13, 2022 10:50:39 AM SaveProgress logFile
INFO: Computer shot 0,4; status: miss

дек. 13, 2022 10:50:39 AM SaveProgress logFile
INFO: Player shot 0,4; status: miss

дек. 13, 2022 10:50:40 AM SaveProgress logFile
INFO: Computer shot 5,7; status: hit

дек. 13, 2022 10:50:40 AM SaveProgress logFile
INFO: Computer shot 4,7; status: hit

дек. 13, 2022 10:50:40 AM SaveProgress logFile
INFO: Computer shot 3,7; status: hit

дек. 13, 2022 10:50:40 AM SaveProgress logFile
INFO: Computer kill 4-pallubs ship

дек. 13, 2022 10:50:41 AM SaveProgress logFile
INFO: Computer shot 5,2; status: miss

дек. 13, 2022 10:50:47 AM SaveProgress logFile
INFO: Player kill 2-pallubs ship

дек. 13, 2022 10:50:48 AM SaveProgress logFile
INFO: Player shot 9,6; status: hit

дек. 13, 2022 10:50:48 AM SaveProgress logFile
INFO: Player shot 9,7; status: hit

дек. 13, 2022 10:50:49 AM SaveProgress logFile
INFO: Player kill 3-pallubs ship

дек. 13, 2022 10:50:51 AM SaveProgress logFile
INFO: Player shot 4,6; status: miss

дек. 13, 2022 10:50:51 AM SaveProgress logFile
INFO: Computer shot 9,3; status: miss

дек. 13, 2022 10:50:51 AM SaveProgress logFile
INFO: Player shot 4,5; status: miss

дек. 13, 2022 10:50:51 AM SaveProgress logFile
INFO: Computer shot 5,6; status: miss

дек. 13, 2022 10:50:53 AM SaveProgress logFile
INFO: Player shot 0,9; status: miss

дек. 13, 2022 10:50:53 AM SaveProgress logFile
INFO: Computer shot 5,3; status: miss

дек. 13, 2022 10:50:53 AM SaveProgress logFile
INFO: Player shot 0,8; status: miss

дек. 13, 2022 10:50:54 AM SaveProgress logFile
INFO: Computer shot 1,4; status: miss

дек. 13, 2022 10:50:54 AM SaveProgress logFile
INFO: Player shot 0,6; status: miss

дек. 13, 2022 10:50:54 AM SaveProgress logFile
INFO: Computer kill 1-palubs ship

дек. 13, 2022 10:50:55 AM SaveProgress logFile
INFO: Computer shot 4,3; status: miss

дек. 13, 2022 10:50:55 AM SaveProgress logFile
INFO: Player shot 0,7; status: miss

дек. 13, 2022 10:50:55 AM SaveProgress logFile
INFO: Computer shot 3,6; status: miss

дек. 13, 2022 10:50:55 AM SaveProgress logFile
INFO: Player shot 0,5; status: miss

дек. 13, 2022 10:50:56 AM SaveProgress logFile
INFO: Computer kill 1-palubs ship

дек. 13, 2022 10:50:56 AM SaveProgress logFile
INFO: Computer shot 0,3; status: miss

дек. 13, 2022 10:50:57 AM SaveProgress logFile
INFO: Player shot 1,2; status: miss

дек. 13, 2022 10:50:57 AM SaveProgress logFile
INFO: Computer shot 7,6; status: hit

дек. 13, 2022 10:50:57 AM SaveProgress logFile
INFO: Computer shot 7,7; status: miss

дек. 13, 2022 10:50:58 AM SaveProgress logFile
INFO: Player shot 1,3; status: hit

дек. 13, 2022 10:50:58 AM SaveProgress logFile
INFO: Player shot 2,3; status: miss

дек. 13, 2022 10:50:59 AM SaveProgress logFile
INFO: Computer kill 2-pallubs ship

дек. 13, 2022 10:50:59 AM SaveProgress logFile
INFO: Computer shot 0,5; status: miss

дек. 13, 2022 10:50:59 AM SaveProgress logFile
INFO: Player kill 2-pallubs ship

дек. 13, 2022 10:51:03 AM SaveProgress logFile
INFO: Player kill 1-palubs ship

дек. 13, 2022 10:51:04 AM SaveProgress logFile
INFO: Player shot 4,1; status: miss

дек. 13, 2022 10:51:04 AM SaveProgress logFile
INFO: Computer shot 5,2; status: hit

дек. 13, 2022 10:51:04 AM SaveProgress logFile
INFO: Computer shot 5,1; status: miss

дек. 13, 2022 10:51:05 AM SaveProgress logFile
INFO: Player shot 3,2; status: miss

дек. 13, 2022 10:51:05 AM SaveProgress logFile
INFO: Computer shot 6,2; status: miss

дек. 13, 2022 10:51:10 AM SaveProgress logFile
INFO: Player shot 3,3; status: miss

дек. 13, 2022 10:51:11 AM SaveProgress logFile
INFO: Computer shot 5,3; status: hit

дек. 13, 2022 10:51:11 AM SaveProgress logFile
INFO: Computer kill 3-pallubs ship

дек. 13, 2022 10:51:11 AM SaveProgress logFile
INFO: Computer shot 3,9; status: miss

дек. 13, 2022 10:51:12 AM SaveProgress logFile
INFO: Player shot 3,4; status: miss

дек. 13, 2022 10:51:12 AM SaveProgress logFile
INFO: Computer shot 2,0; status: miss

дек. 13, 2022 10:51:13 AM SaveProgress logFile
INFO: Player kill 1-palubs ship

дек. 13, 2022 10:51:14 AM SaveProgress logFile
INFO: Player kill 1-palubs ship

дек. 13, 2022 10:51:19 AM SaveProgress logFile
INFO: Player win!
