дек. 13, 2022 12:15:25 PM SaveProgress logFile
INFO: Start Game: Tue Dec 13 12:15:25 MSK 2022


дек. 13, 2022 12:15:29 PM SaveProgress logFile
INFO: Set difficult Hard.

дек. 13, 2022 12:15:37 PM SaveProgress logFile
INFO: Player shot 2,9; status: miss

дек. 13, 2022 12:15:37 PM SaveProgress logFile
INFO: Computer shot 7,0; status: miss

дек. 13, 2022 12:15:39 PM SaveProgress logFile
INFO: Player shot 3,9; status: miss

дек. 13, 2022 12:15:39 PM SaveProgress logFile
INFO: Computer shot 3,2; status: miss

дек. 13, 2022 12:15:40 PM SaveProgress logFile
INFO: Player kill 1-palubs ship

дек. 13, 2022 12:15:41 PM SaveProgress logFile
INFO: Player shot 6,9; status: miss

дек. 13, 2022 12:15:41 PM SaveProgress logFile
INFO: Computer shot 9,0; status: miss

дек. 13, 2022 12:15:43 PM SaveProgress logFile
INFO: Player kill 1-palubs ship

дек. 13, 2022 12:15:45 PM SaveProgress logFile
INFO: Player shot 9,9; status: miss

дек. 13, 2022 12:15:45 PM SaveProgress logFile
INFO: Computer shot 8,7; status: miss

дек. 13, 2022 12:15:46 PM SaveProgress logFile
INFO: Player shot 1,9; status: miss

дек. 13, 2022 12:15:47 PM SaveProgress logFile
INFO: Computer shot 7,1; status: miss

дек. 13, 2022 12:15:48 PM SaveProgress logFile
INFO: Player shot 0,9; status: miss

дек. 13, 2022 12:15:48 PM SaveProgress logFile
INFO: Computer shot 9,4; status: miss

дек. 13, 2022 12:15:48 PM SaveProgress logFile
INFO: Player shot 0,8; status: miss

дек. 13, 2022 12:15:49 PM SaveProgress logFile
INFO: Computer shot 2,0; status: miss

дек. 13, 2022 12:15:49 PM SaveProgress logFile
INFO: Player shot 1,8; status: miss

дек. 13, 2022 12:15:49 PM SaveProgress logFile
INFO: Computer shot 7,3; status: miss

дек. 13, 2022 12:15:50 PM SaveProgress logFile
INFO: Player shot 2,8; status: miss

дек. 13, 2022 12:15:50 PM SaveProgress logFile
INFO: Computer shot 4,4; status: miss

дек. 13, 2022 12:15:51 PM SaveProgress logFile
INFO: Player shot 0,7; status: miss

дек. 13, 2022 12:15:51 PM SaveProgress logFile
INFO: Computer shot 2,6; status: miss

дек. 13, 2022 12:15:52 PM SaveProgress logFile
INFO: Player shot 1,7; status: miss

дек. 13, 2022 12:15:52 PM SaveProgress logFile
INFO: Computer shot 0,1; status: miss

дек. 13, 2022 12:15:52 PM SaveProgress logFile
INFO: Player shot 2,7; status: miss

дек. 13, 2022 12:15:53 PM SaveProgress logFile
INFO: Computer shot 9,8; status: miss

дек. 13, 2022 12:15:53 PM SaveProgress logFile
INFO: Player shot 3,7; status: miss

дек. 13, 2022 12:15:53 PM SaveProgress logFile
INFO: Computer shot 1,7; status: miss

дек. 13, 2022 12:15:54 PM SaveProgress logFile
INFO: Player shot 4,7; status: miss

дек. 13, 2022 12:15:54 PM SaveProgress logFile
INFO: Computer kill 1-palubs ship

дек. 13, 2022 12:15:55 PM SaveProgress logFile
INFO: Computer shot 2,9; status: hit

дек. 13, 2022 12:15:55 PM SaveProgress logFile
INFO: Computer shot 3,9; status: miss

дек. 13, 2022 12:15:55 PM SaveProgress logFile
INFO: Player shot 5,7; status: miss

дек. 13, 2022 12:15:55 PM SaveProgress logFile
INFO: Computer shot 6,1; status: miss

дек. 13, 2022 12:15:56 PM SaveProgress logFile
INFO: Player shot 6,7; status: miss

дек. 13, 2022 12:15:56 PM SaveProgress logFile
INFO: Computer shot 0,1; status: hit

дек. 13, 2022 12:15:57 PM SaveProgress logFile
INFO: Computer shot 1,9; status: miss

дек. 13, 2022 12:15:58 PM SaveProgress logFile
INFO: Player shot 7,7; status: miss

дек. 13, 2022 12:15:58 PM SaveProgress logFile
INFO: Computer shot 9,6; status: hit

дек. 13, 2022 12:15:58 PM SaveProgress logFile
INFO: Computer shot 8,6; status: hit

дек. 13, 2022 12:15:59 PM SaveProgress logFile
INFO: Computer shot 7,6; status: hit

дек. 13, 2022 12:15:59 PM SaveProgress logFile
INFO: Computer kill 2-pallubs ship

дек. 13, 2022 12:16:01 PM SaveProgress logFile
INFO: Player shot 8,7; status: miss

дек. 13, 2022 12:16:01 PM SaveProgress logFile
INFO: Computer kill 2-pallubs ship

дек. 13, 2022 12:16:02 PM SaveProgress logFile
INFO: Player shot 9,7; status: hit

дек. 13, 2022 12:16:03 PM SaveProgress logFile
INFO: Player shot 9,8; status: hit

дек. 13, 2022 12:16:04 PM SaveProgress logFile
INFO: Player shot 9,6; status: hit

дек. 13, 2022 12:16:05 PM SaveProgress logFile
INFO: Player kill 4-pallubs ship

дек. 13, 2022 12:16:07 PM SaveProgress logFile
INFO: Player shot 7,6; status: miss

дек. 13, 2022 12:16:07 PM SaveProgress logFile
INFO: Computer kill 4-pallubs ship

дек. 13, 2022 12:16:07 PM SaveProgress logFile
INFO: Computer shot 3,6; status: miss

дек. 13, 2022 12:16:09 PM SaveProgress logFile
INFO: Player shot 6,6; status: miss

дек. 13, 2022 12:16:09 PM SaveProgress logFile
INFO: Computer kill 1-palubs ship

дек. 13, 2022 12:16:10 PM SaveProgress logFile
INFO: Computer shot 3,8; status: miss

дек. 13, 2022 12:16:14 PM SaveProgress logFile
INFO: Player shot 5,6; status: miss

дек. 13, 2022 12:16:14 PM SaveProgress logFile
INFO: Computer shot 2,3; status: miss

дек. 13, 2022 12:16:15 PM SaveProgress logFile
INFO: Player shot 3,6; status: hit

дек. 13, 2022 12:16:16 PM SaveProgress logFile
INFO: Player shot 2,6; status: miss

дек. 13, 2022 12:16:17 PM SaveProgress logFile
INFO: Computer shot 1,3; status: miss

дек. 13, 2022 12:16:17 PM SaveProgress logFile
INFO: Player shot 1,6; status: miss

дек. 13, 2022 12:16:18 PM SaveProgress logFile
INFO: Computer shot 0,3; status: hit

дек. 13, 2022 12:16:18 PM SaveProgress logFile
INFO: Computer shot 1,3; status: miss

дек. 13, 2022 12:16:19 PM SaveProgress logFile
INFO: Player shot 4,6; status: miss

дек. 13, 2022 12:16:19 PM SaveProgress logFile
INFO: Computer shot 0,4; status: hit

дек. 13, 2022 12:16:19 PM SaveProgress logFile
INFO: Computer kill 3-pallubs ship

дек. 13, 2022 12:16:20 PM SaveProgress logFile
INFO: Computer shot 1,9; status: miss

дек. 13, 2022 12:16:21 PM SaveProgress logFile
INFO: Player shot 0,5; status: hit

дек. 13, 2022 12:16:22 PM SaveProgress logFile
INFO: Player shot 0,6; status: miss

дек. 13, 2022 12:16:22 PM SaveProgress logFile
INFO: Computer shot 6,0; status: hit

дек. 13, 2022 12:16:22 PM SaveProgress logFile
INFO: Computer shot 5,0; status: miss

дек. 13, 2022 12:16:23 PM SaveProgress logFile
INFO: Player shot 1,5; status: miss

дек. 13, 2022 12:16:23 PM SaveProgress logFile
INFO: Computer shot 6,1; status: miss

дек. 13, 2022 12:16:23 PM SaveProgress logFile
INFO: Player shot 2,5; status: miss

дек. 13, 2022 12:16:24 PM SaveProgress logFile
INFO: Computer kill 1-palubs ship

дек. 13, 2022 12:16:24 PM SaveProgress logFile
INFO: Computer shot 7,0; status: hit

дек. 13, 2022 12:16:24 PM SaveProgress logFile
INFO: Computer kill 3-pallubs ship

дек. 13, 2022 12:16:25 PM SaveProgress logFile
INFO: Computer shot 4,5; status: miss

дек. 13, 2022 12:16:26 PM SaveProgress logFile
INFO: Player shot 4,5; status: miss

дек. 13, 2022 12:16:26 PM SaveProgress logFile
INFO: Computer shot 5,8; status: hit

дек. 13, 2022 12:16:26 PM SaveProgress logFile
INFO: Computer kill 2-pallubs ship

дек. 13, 2022 12:16:27 PM SaveProgress logFile
INFO: Computer shot 2,8; status: miss

дек. 13, 2022 12:16:27 PM SaveProgress logFile
INFO: Player shot 5,5; status: miss

дек. 13, 2022 12:16:27 PM SaveProgress logFile
INFO: Computer shot 8,0; status: miss

дек. 13, 2022 12:16:28 PM SaveProgress logFile
INFO: Player shot 7,5; status: hit

дек. 13, 2022 12:16:29 PM SaveProgress logFile
INFO: Player shot 6,5; status: miss

дек. 13, 2022 12:16:29 PM SaveProgress logFile
INFO: Computer shot 4,6; status: miss

дек. 13, 2022 12:16:30 PM SaveProgress logFile
INFO: Player shot 6,4; status: miss

дек. 13, 2022 12:16:30 PM SaveProgress logFile
INFO: Computer shot 4,3; status: miss

дек. 13, 2022 12:16:31 PM SaveProgress logFile
INFO: Player kill 1-palubs ship

дек. 13, 2022 12:16:31 PM SaveProgress logFile
INFO: Player shot 3,4; status: hit

дек. 13, 2022 12:16:32 PM SaveProgress logFile
INFO: Player shot 2,4; status: miss

дек. 13, 2022 12:16:32 PM SaveProgress logFile
INFO: Computer shot 2,9; status: miss

дек. 13, 2022 12:16:33 PM SaveProgress logFile
INFO: Player shot 1,4; status: miss

дек. 13, 2022 12:16:33 PM SaveProgress logFile
INFO: Computer kill 1-palubs ship

дек. 13, 2022 12:16:35 PM SaveProgress logFile
INFO: Computer win!
