дек. 17, 2022 1:24:28 PM SaveProgress logFile
INFO: Start Game: Sat Dec 17 13:24:28 MSK 2022


дек. 17, 2022 1:24:33 PM SaveProgress logFile
INFO: Player shot 2,3; status: miss

дек. 17, 2022 1:24:33 PM SaveProgress logFile
INFO: Computer shot 1,1; status: hit

дек. 17, 2022 1:24:34 PM SaveProgress logFile
INFO: Computer kill 2-pallubs ship

дек. 17, 2022 1:24:34 PM SaveProgress logFile
INFO: Computer shot 1,7; status: miss

дек. 17, 2022 1:24:34 PM SaveProgress logFile
INFO: Player shot 0,3; status: miss

дек. 17, 2022 1:24:35 PM SaveProgress logFile
INFO: Computer shot 6,9; status: miss

дек. 17, 2022 1:24:35 PM SaveProgress logFile
INFO: Player shot 0,6; status: miss

дек. 17, 2022 1:24:35 PM SaveProgress logFile
INFO: Computer shot 5,6; status: miss

дек. 17, 2022 1:24:35 PM SaveProgress logFile
INFO: Player shot 0,4; status: hit

дек. 17, 2022 1:24:36 PM SaveProgress logFile
INFO: Player shot 2,5; status: miss

дек. 17, 2022 1:24:36 PM SaveProgress logFile
INFO: Computer shot 7,3; status: miss

дек. 17, 2022 1:24:36 PM SaveProgress logFile
INFO: Player shot 2,6; status: miss

дек. 17, 2022 1:24:37 PM SaveProgress logFile
INFO: Computer kill 1-palubs ship

дек. 17, 2022 1:24:37 PM SaveProgress logFile
INFO: Computer shot 5,8; status: hit

дек. 17, 2022 1:24:37 PM SaveProgress logFile
INFO: Computer shot 6,8; status: miss

дек. 17, 2022 1:24:44 PM SaveProgress logFile
INFO: Player shot 4,1; status: miss

дек. 17, 2022 1:24:45 PM SaveProgress logFile
INFO: Computer shot 5,7; status: miss

дек. 17, 2022 1:24:45 PM SaveProgress logFile
INFO: Player shot 4,5; status: hit

дек. 17, 2022 1:24:46 PM SaveProgress logFile
INFO: Player shot 4,4; status: miss

дек. 17, 2022 1:24:47 PM SaveProgress logFile
INFO: Computer shot 5,9; status: miss

дек. 17, 2022 1:24:47 PM SaveProgress logFile
INFO: Player shot 4,2; status: miss

дек. 17, 2022 1:24:47 PM SaveProgress logFile
INFO: Computer shot 4,8; status: hit

дек. 17, 2022 1:24:48 PM SaveProgress logFile
INFO: Computer kill 3-pallubs ship

дек. 17, 2022 1:24:48 PM SaveProgress logFile
INFO: Computer shot 5,9; status: miss

дек. 17, 2022 1:24:49 PM SaveProgress logFile
INFO: Player shot 3,5; status: miss

дек. 17, 2022 1:24:49 PM SaveProgress logFile
INFO: Computer shot 5,8; status: miss

дек. 17, 2022 1:24:50 PM SaveProgress logFile
INFO: Player kill 1-palubs ship

дек. 17, 2022 1:24:50 PM SaveProgress logFile
INFO: Player shot 2,4; status: hit

дек. 17, 2022 1:24:51 PM SaveProgress logFile
INFO: Player shot 5,4; status: miss

дек. 17, 2022 1:24:52 PM SaveProgress logFile
INFO: Computer shot 9,1; status: miss

дек. 17, 2022 1:24:52 PM SaveProgress logFile
INFO: Player shot 6,3; status: miss

дек. 17, 2022 1:24:52 PM SaveProgress logFile
INFO: Computer shot 5,0; status: miss

