дек. 17, 2022 12:24:14 AM SaveProgress logFile
INFO: Start Game: Sat Dec 17 00:24:14 MSK 2022


дек. 17, 2022 12:24:14 AM SaveProgress logFile
INFO: Player shot 4,5; status: hit

дек. 17, 2022 12:24:15 AM SaveProgress logFile
INFO: Player shot 5,8; status: miss

дек. 17, 2022 12:24:15 AM SaveProgress logFile
INFO: Computer shot 0,6; status: miss

дек. 17, 2022 12:24:15 AM SaveProgress logFile
INFO: Player shot 7,8; status: miss

дек. 17, 2022 12:24:16 AM SaveProgress logFile
INFO: Computer shot 6,8; status: miss

дек. 17, 2022 12:24:16 AM SaveProgress logFile
INFO: Player shot 7,7; status: miss

дек. 17, 2022 12:24:16 AM SaveProgress logFile
INFO: Computer shot 9,9; status: miss

дек. 17, 2022 12:24:16 AM SaveProgress logFile
INFO: Player shot 7,5; status: miss

дек. 17, 2022 12:24:17 AM SaveProgress logFile
INFO: Computer shot 4,7; status: miss

дек. 17, 2022 12:24:17 AM SaveProgress logFile
INFO: Player shot 9,5; status: miss

дек. 17, 2022 12:24:17 AM SaveProgress logFile
INFO: Computer kill 1-palubs ship

дек. 17, 2022 12:24:17 AM SaveProgress logFile
INFO: Computer shot 9,2; status: miss

дек. 17, 2022 12:24:18 AM SaveProgress logFile
INFO: Player shot 7,4; status: miss

дек. 17, 2022 12:24:19 AM SaveProgress logFile
INFO: Computer shot 3,0; status: miss

дек. 17, 2022 12:24:19 AM SaveProgress logFile
INFO: Player shot 8,4; status: miss

дек. 17, 2022 12:24:19 AM SaveProgress logFile
INFO: Computer shot 2,9; status: miss

дек. 17, 2022 12:24:20 AM SaveProgress logFile
INFO: Player shot 8,3; status: miss

дек. 17, 2022 12:24:20 AM SaveProgress logFile
INFO: Computer shot 0,1; status: miss

дек. 17, 2022 12:24:20 AM SaveProgress logFile
INFO: Player shot 6,3; status: miss

дек. 17, 2022 12:24:21 AM SaveProgress logFile
INFO: Computer shot 2,1; status: miss

дек. 17, 2022 12:24:21 AM SaveProgress logFile
INFO: Player shot 7,3; status: hit

дек. 17, 2022 12:24:22 AM SaveProgress logFile
INFO: Player shot 7,2; status: hit

дек. 17, 2022 12:24:22 AM SaveProgress logFile
INFO: Player kill 3-pallubs ship

дек. 17, 2022 12:24:23 AM SaveProgress logFile
INFO: Player shot 5,5; status: miss

дек. 17, 2022 12:24:24 AM SaveProgress logFile
INFO: Computer shot 1,1; status: miss

дек. 17, 2022 12:24:24 AM SaveProgress logFile
INFO: Player shot 3,5; status: miss

дек. 17, 2022 12:24:24 AM SaveProgress logFile
INFO: Computer shot 0,9; status: miss

дек. 17, 2022 12:24:24 AM SaveProgress logFile
INFO: Player shot 2,5; status: miss

дек. 17, 2022 12:24:25 AM SaveProgress logFile
INFO: Computer shot 6,0; status: miss

дек. 17, 2022 12:24:25 AM SaveProgress logFile
INFO: Player shot 4,6; status: hit

дек. 17, 2022 12:24:26 AM SaveProgress logFile
INFO: Player kill 3-pallubs ship

дек. 17, 2022 12:24:26 AM SaveProgress logFile
INFO: Player shot 6,6; status: miss

дек. 17, 2022 12:24:27 AM SaveProgress logFile
INFO: Computer shot 3,9; status: miss

дек. 17, 2022 12:24:27 AM SaveProgress logFile
INFO: Player shot 7,6; status: miss

дек. 17, 2022 12:24:27 AM SaveProgress logFile
INFO: Computer shot 2,6; status: miss

дек. 17, 2022 12:24:27 AM SaveProgress logFile
INFO: Player shot 8,7; status: miss

дек. 17, 2022 12:24:28 AM SaveProgress logFile
INFO: Computer shot 9,1; status: miss

дек. 17, 2022 12:24:28 AM SaveProgress logFile
INFO: Player shot 9,8; status: miss

дек. 17, 2022 12:24:28 AM SaveProgress logFile
INFO: Computer shot 6,4; status: miss

дек. 17, 2022 12:24:29 AM SaveProgress logFile
INFO: Player shot 8,9; status: hit

дек. 17, 2022 12:24:29 AM SaveProgress logFile
INFO: Player shot 7,9; status: miss

дек. 17, 2022 12:24:30 AM SaveProgress logFile
INFO: Computer shot 4,8; status: miss

дек. 17, 2022 12:24:30 AM SaveProgress logFile
INFO: Player shot 9,9; status: miss

дек. 17, 2022 12:24:30 AM SaveProgress logFile
INFO: Computer shot 8,1; status: hit

дек. 17, 2022 12:24:30 AM SaveProgress logFile
INFO: Computer shot 8,0; status: miss

дек. 17, 2022 12:24:31 AM SaveProgress logFile
INFO: Player kill 2-pallubs ship

дек. 17, 2022 12:24:32 AM SaveProgress logFile
INFO: Player shot 6,9; status: miss

дек. 17, 2022 12:24:32 AM SaveProgress logFile
INFO: Computer shot 7,1; status: miss

дек. 17, 2022 12:24:32 AM SaveProgress logFile
INFO: Player shot 4,9; status: miss

дек. 17, 2022 12:24:32 AM SaveProgress logFile
INFO: Computer shot 9,1; status: miss

дек. 17, 2022 12:24:33 AM SaveProgress logFile
INFO: Player shot 2,9; status: miss

дек. 17, 2022 12:24:33 AM SaveProgress logFile
INFO: Computer shot 8,2; status: hit

дек. 17, 2022 12:24:33 AM SaveProgress logFile
INFO: Computer kill 3-pallubs ship

дек. 17, 2022 12:24:34 AM SaveProgress logFile
INFO: Computer shot 2,3; status: miss

дек. 17, 2022 12:24:34 AM SaveProgress logFile
INFO: Player kill 1-palubs ship

дек. 17, 2022 12:24:35 AM SaveProgress logFile
INFO: Player kill 1-palubs ship

дек. 17, 2022 12:24:36 AM SaveProgress logFile
INFO: Player shot 0,6; status: miss

дек. 17, 2022 12:24:36 AM SaveProgress logFile
INFO: Computer shot 7,0; status: miss

дек. 17, 2022 12:24:37 AM SaveProgress logFile
INFO: Player shot 2,6; status: miss

дек. 17, 2022 12:24:38 AM SaveProgress logFile
INFO: Computer shot 9,6; status: miss

дек. 17, 2022 12:24:38 AM SaveProgress logFile
INFO: Player shot 1,5; status: hit

дек. 17, 2022 12:24:39 AM SaveProgress logFile
INFO: Player shot 0,4; status: miss

дек. 17, 2022 12:24:39 AM SaveProgress logFile
INFO: Computer shot 4,5; status: miss

дек. 17, 2022 12:24:39 AM SaveProgress logFile
INFO: Player shot 1,4; status: hit

дек. 17, 2022 12:24:40 AM SaveProgress logFile
INFO: Player shot 1,3; status: hit

дек. 17, 2022 12:24:41 AM SaveProgress logFile
INFO: Player shot 1,2; status: miss

дек. 17, 2022 12:24:41 AM SaveProgress logFile
INFO: Computer shot 9,8; status: miss

дек. 17, 2022 12:24:41 AM SaveProgress logFile
INFO: Player shot 2,3; status: miss

дек. 17, 2022 12:24:42 AM SaveProgress logFile
INFO: Computer shot 3,5; status: miss

дек. 17, 2022 12:24:42 AM SaveProgress logFile
INFO: Player kill 4-pallubs ship

дек. 17, 2022 12:24:43 AM SaveProgress logFile
INFO: Player shot 4,3; status: hit

дек. 17, 2022 12:24:44 AM SaveProgress logFile
INFO: Player shot 5,2; status: miss

дек. 17, 2022 12:24:45 AM SaveProgress logFile
INFO: Computer shot 3,4; status: miss

дек. 17, 2022 12:24:45 AM SaveProgress logFile
INFO: Player shot 4,2; status: miss

дек. 17, 2022 12:24:45 AM SaveProgress logFile
INFO: Computer shot 7,8; status: miss

дек. 17, 2022 12:24:45 AM SaveProgress logFile
INFO: Player shot 3,3; status: miss

дек. 17, 2022 12:24:46 AM SaveProgress logFile
INFO: Computer shot 5,2; status: hit

дек. 17, 2022 12:24:46 AM SaveProgress logFile
INFO: Computer kill 2-pallubs ship

дек. 17, 2022 12:24:46 AM SaveProgress logFile
INFO: Computer kill 1-palubs ship

дек. 17, 2022 12:24:47 AM SaveProgress logFile
INFO: Computer shot 8,6; status: miss

дек. 17, 2022 12:24:47 AM SaveProgress logFile
INFO: Player kill 2-pallubs ship

дек. 17, 2022 12:24:48 AM SaveProgress logFile
INFO: Player shot 4,1; status: miss

дек. 17, 2022 12:24:48 AM SaveProgress logFile
INFO: Computer shot 9,0; status: miss

дек. 17, 2022 12:24:48 AM SaveProgress logFile
INFO: Player shot 2,0; status: hit

дек. 17, 2022 12:24:49 AM SaveProgress logFile
INFO: Player kill 2-pallubs ship

дек. 17, 2022 12:24:50 AM SaveProgress logFile
INFO: Player shot 0,0; status: miss

дек. 17, 2022 12:24:50 AM SaveProgress logFile
INFO: Computer shot 6,7; status: hit

дек. 17, 2022 12:24:50 AM SaveProgress logFile
INFO: Computer shot 6,6; status: hit

дек. 17, 2022 12:24:51 AM SaveProgress logFile
INFO: Computer shot 6,5; status: hit

дек. 17, 2022 12:24:51 AM SaveProgress logFile
INFO: Computer kill 4-pallubs ship

дек. 17, 2022 12:24:51 AM SaveProgress logFile
INFO: Computer shot 0,2; status: miss

дек. 17, 2022 12:24:52 AM SaveProgress logFile
INFO: Player shot 5,0; status: miss

дек. 17, 2022 12:24:52 AM SaveProgress logFile
INFO: Computer kill 1-palubs ship

дек. 17, 2022 12:24:53 AM SaveProgress logFile
INFO: Computer shot 0,3; status: miss

дек. 17, 2022 12:24:53 AM SaveProgress logFile
INFO: Player shot 9,1; status: miss

дек. 17, 2022 12:24:54 AM SaveProgress logFile
INFO: Computer shot 6,9; status: miss

дек. 17, 2022 12:24:54 AM SaveProgress logFile
INFO: Player kill 1-palubs ship

дек. 17, 2022 12:24:55 AM SaveProgress logFile
INFO: Player shot 8,6; status: miss

дек. 17, 2022 12:24:55 AM SaveProgress logFile
INFO: Computer shot 8,8; status: miss

дек. 17, 2022 12:24:56 AM SaveProgress logFile
INFO: Player shot 9,6; status: miss

дек. 17, 2022 12:24:56 AM SaveProgress logFile
INFO: Computer shot 5,2; status: miss

дек. 17, 2022 12:24:57 AM SaveProgress logFile
INFO: Player shot 8,5; status: miss

дек. 17, 2022 12:24:57 AM SaveProgress logFile
INFO: Computer shot 6,1; status: miss

дек. 17, 2022 12:24:57 AM SaveProgress logFile
INFO: Player shot 6,5; status: miss

дек. 17, 2022 12:24:57 AM SaveProgress logFile
INFO: Computer shot 7,4; status: miss

дек. 17, 2022 12:24:58 AM SaveProgress logFile
INFO: Player shot 5,1; status: miss

дек. 17, 2022 12:24:58 AM SaveProgress logFile
INFO: Computer shot 9,7; status: hit

дек. 17, 2022 12:24:59 AM SaveProgress logFile
INFO: Computer kill 2-pallubs ship

дек. 17, 2022 12:24:59 AM SaveProgress logFile
INFO: Computer shot 5,9; status: miss

дек. 17, 2022 12:25:00 AM SaveProgress logFile
INFO: Player kill 1-palubs ship

дек. 17, 2022 12:26:27 AM SaveProgress logFile
INFO: Player win!
