дек. 13, 2022 11:44:48 AM SaveProgress logFile
INFO: Start Game: Tue Dec 13 11:44:48 MSK 2022


дек. 13, 2022 11:44:52 AM SaveProgress logFile
INFO: Player shot 2,4; status: hit

дек. 13, 2022 11:44:53 AM SaveProgress logFile
INFO: Player shot 2,5; status: miss

дек. 13, 2022 11:44:53 AM SaveProgress logFile
INFO: Computer kill 1-palubs ship

дек. 13, 2022 11:44:53 AM SaveProgress logFile
INFO: Computer shot 9,5; status: miss

дек. 13, 2022 11:44:54 AM SaveProgress logFile
INFO: Player shot 3,5; status: miss

дек. 13, 2022 11:44:55 AM SaveProgress logFile
INFO: Computer shot 5,7; status: miss

дек. 13, 2022 11:44:55 AM SaveProgress logFile
INFO: Player shot 4,7; status: miss

дек. 13, 2022 11:44:56 AM SaveProgress logFile
INFO: Computer shot 5,9; status: miss

дек. 13, 2022 11:44:56 AM SaveProgress logFile
INFO: Player shot 6,6; status: miss

дек. 13, 2022 11:44:57 AM SaveProgress logFile
INFO: Computer shot 9,2; status: hit

дек. 13, 2022 11:44:57 AM SaveProgress logFile
INFO: Computer shot 4,7; status: miss

дек. 13, 2022 11:44:58 AM SaveProgress logFile
INFO: Player shot 5,3; status: miss

дек. 13, 2022 11:44:59 AM SaveProgress logFile
INFO: Computer shot 6,6; status: hit

дек. 13, 2022 11:44:59 AM SaveProgress logFile
INFO: Computer shot 4,4; status: hit

дек. 13, 2022 11:44:59 AM SaveProgress logFile
INFO: Computer shot 0,3; status: hit

дек. 13, 2022 11:45:00 AM SaveProgress logFile
INFO: Computer shot 8,9; status: miss

дек. 13, 2022 11:45:00 AM SaveProgress logFile
INFO: Player shot 2,3; status: miss

дек. 13, 2022 11:45:00 AM SaveProgress logFile
INFO: Computer shot 3,5; status: miss

дек. 13, 2022 11:45:01 AM SaveProgress logFile
INFO: Player kill 2-pallubs ship

дек. 13, 2022 11:45:02 AM SaveProgress logFile
INFO: Player shot 0,4; status: miss

дек. 13, 2022 11:45:02 AM SaveProgress logFile
INFO: Computer shot 8,0; status: miss

дек. 13, 2022 11:45:03 AM SaveProgress logFile
INFO: Player shot 0,3; status: miss

дек. 13, 2022 11:45:03 AM SaveProgress logFile
INFO: Computer shot 0,2; status: miss

дек. 13, 2022 11:45:04 AM SaveProgress logFile
INFO: Player shot 2,2; status: hit

дек. 13, 2022 11:45:04 AM SaveProgress logFile
INFO: Player shot 3,2; status: miss

дек. 13, 2022 11:45:05 AM SaveProgress logFile
INFO: Computer shot 5,1; status: miss

дек. 13, 2022 11:45:05 AM SaveProgress logFile
INFO: Player shot 1,2; status: miss

дек. 13, 2022 11:45:06 AM SaveProgress logFile
INFO: Computer kill 2-pallubs ship

дек. 13, 2022 11:45:06 AM SaveProgress logFile
INFO: Computer shot 6,3; status: miss

дек. 13, 2022 11:45:06 AM SaveProgress logFile
INFO: Player kill 2-pallubs ship

дек. 13, 2022 11:45:07 AM SaveProgress logFile
INFO: Player shot 7,2; status: miss

дек. 13, 2022 11:45:08 AM SaveProgress logFile
INFO: Computer shot 6,7; status: miss

дек. 13, 2022 11:45:08 AM SaveProgress logFile
INFO: Player shot 8,5; status: miss

дек. 13, 2022 11:45:09 AM SaveProgress logFile
INFO: Computer shot 8,4; status: miss

дек. 13, 2022 11:45:09 AM SaveProgress logFile
INFO: Player shot 8,6; status: miss

дек. 13, 2022 11:45:10 AM SaveProgress logFile
INFO: Computer shot 5,4; status: miss

дек. 13, 2022 11:45:10 AM SaveProgress logFile
INFO: Player shot 7,8; status: hit

дек. 13, 2022 11:45:11 AM SaveProgress logFile
INFO: Player shot 7,9; status: miss

дек. 13, 2022 11:45:11 AM SaveProgress logFile
INFO: Computer shot 6,7; status: miss

дек. 13, 2022 11:45:12 AM SaveProgress logFile
INFO: Player shot 6,8; status: hit

дек. 13, 2022 11:45:13 AM SaveProgress logFile
INFO: Player shot 5,8; status: hit

дек. 13, 2022 11:45:14 AM SaveProgress logFile
INFO: Player shot 4,8; status: miss

дек. 13, 2022 11:45:14 AM SaveProgress logFile
INFO: Computer shot 3,4; status: miss

дек. 13, 2022 11:45:15 AM SaveProgress logFile
INFO: Player kill 4-pallubs ship

дек. 13, 2022 11:45:16 AM SaveProgress logFile
INFO: Player shot 2,8; status: miss

дек. 13, 2022 11:45:16 AM SaveProgress logFile
INFO: Computer shot 5,3; status: miss

дек. 13, 2022 11:45:17 AM SaveProgress logFile
INFO: Player shot 1,7; status: miss

дек. 13, 2022 11:45:17 AM SaveProgress logFile
INFO: Computer kill 1-palubs ship

дек. 13, 2022 11:45:17 AM SaveProgress logFile
INFO: Computer shot 5,6; status: miss

дек. 13, 2022 11:45:18 AM SaveProgress logFile
INFO: Player shot 1,8; status: miss

дек. 13, 2022 11:45:18 AM SaveProgress logFile
INFO: Computer shot 7,1; status: miss

дек. 13, 2022 11:45:19 AM SaveProgress logFile
INFO: Player shot 1,9; status: miss

дек. 13, 2022 11:45:19 AM SaveProgress logFile
INFO: Computer shot 6,2; status: miss

дек. 13, 2022 11:45:20 AM SaveProgress logFile
INFO: Player shot 2,9; status: miss

дек. 13, 2022 11:45:20 AM SaveProgress logFile
INFO: Computer shot 7,3; status: miss

дек. 13, 2022 11:45:20 AM SaveProgress logFile
INFO: Player shot 3,9; status: hit

дек. 13, 2022 11:45:21 AM SaveProgress logFile
INFO: Player kill 2-pallubs ship

дек. 13, 2022 11:45:23 AM SaveProgress logFile
INFO: Player shot 5,6; status: miss

дек. 13, 2022 11:45:23 AM SaveProgress logFile
INFO: Computer shot 0,6; status: miss

дек. 13, 2022 11:45:23 AM SaveProgress logFile
INFO: Player shot 4,6; status: miss

дек. 13, 2022 11:45:24 AM SaveProgress logFile
INFO: Computer shot 0,1; status: miss

дек. 13, 2022 11:45:24 AM SaveProgress logFile
INFO: Player shot 2,6; status: miss

дек. 13, 2022 11:45:25 AM SaveProgress logFile
INFO: Computer shot 0,2; status: hit

дек. 13, 2022 11:45:25 AM SaveProgress logFile
INFO: Computer shot 0,4; status: hit

дек. 13, 2022 11:45:25 AM SaveProgress logFile
INFO: Computer shot 7,0; status: miss

дек. 13, 2022 11:45:26 AM SaveProgress logFile
INFO: Player shot 3,6; status: miss

дек. 13, 2022 11:45:26 AM SaveProgress logFile
INFO: Computer shot 8,5; status: miss

дек. 13, 2022 11:45:27 AM SaveProgress logFile
INFO: Player shot 0,9; status: miss

дек. 13, 2022 11:45:28 AM SaveProgress logFile
INFO: Computer shot 6,9; status: miss

дек. 13, 2022 11:45:29 AM SaveProgress logFile
INFO: Player shot 0,7; status: miss

дек. 13, 2022 11:45:29 AM SaveProgress logFile
INFO: Computer shot 0,6; status: hit

дек. 13, 2022 11:45:29 AM SaveProgress logFile
INFO: Computer kill 2-pallubs ship

дек. 13, 2022 11:45:29 AM SaveProgress logFile
INFO: Computer shot 9,3; status: miss

дек. 13, 2022 11:45:30 AM SaveProgress logFile
INFO: Player shot 0,5; status: miss

дек. 13, 2022 11:45:31 AM SaveProgress logFile
INFO: Computer kill 4-pallubs ship

дек. 13, 2022 11:45:31 AM SaveProgress logFile
INFO: Computer shot 7,7; status: miss

дек. 13, 2022 11:45:32 AM SaveProgress logFile
INFO: Player shot 0,6; status: miss

дек. 13, 2022 11:45:32 AM SaveProgress logFile
INFO: Computer shot 0,9; status: miss

дек. 13, 2022 11:45:32 AM SaveProgress logFile
INFO: Player kill 1-palubs ship

дек. 13, 2022 11:45:57 AM SaveProgress logFile
INFO: Player shot 7,6; status: miss

дек. 13, 2022 11:45:57 AM SaveProgress logFile
INFO: Computer shot 5,6; status: hit

дек. 13, 2022 11:45:57 AM SaveProgress logFile
INFO: Computer shot 9,2; status: miss

дек. 13, 2022 11:45:57 AM SaveProgress logFile
INFO: Player shot 7,5; status: miss

дек. 13, 2022 11:45:58 AM SaveProgress logFile
INFO: Computer shot 9,4; status: miss

дек. 13, 2022 11:45:58 AM SaveProgress logFile
INFO: Player shot 6,4; status: miss

дек. 13, 2022 11:45:59 AM SaveProgress logFile
INFO: Computer shot 1,6; status: miss

дек. 13, 2022 11:45:59 AM SaveProgress logFile
INFO: Player kill 1-palubs ship

дек. 13, 2022 11:46:00 AM SaveProgress logFile
INFO: Player shot 9,6; status: miss

дек. 13, 2022 11:46:01 AM SaveProgress logFile
INFO: Computer shot 4,6; status: miss

дек. 13, 2022 11:46:01 AM SaveProgress logFile
INFO: Player shot 9,4; status: miss

дек. 13, 2022 11:46:01 AM SaveProgress logFile
INFO: Computer shot 6,8; status: miss

дек. 13, 2022 11:46:02 AM SaveProgress logFile
INFO: Player shot 9,3; status: miss

дек. 13, 2022 11:46:02 AM SaveProgress logFile
INFO: Computer shot 2,8; status: hit

дек. 13, 2022 11:46:03 AM SaveProgress logFile
INFO: Computer shot 8,6; status: miss

дек. 13, 2022 11:46:03 AM SaveProgress logFile
INFO: Player shot 8,4; status: hit

дек. 13, 2022 11:46:04 AM SaveProgress logFile
INFO: Player shot 9,5; status: miss

дек. 13, 2022 11:46:04 AM SaveProgress logFile
INFO: Computer shot 5,2; status: miss

дек. 13, 2022 11:46:05 AM SaveProgress logFile
INFO: Player shot 7,4; status: miss

дек. 13, 2022 11:46:05 AM SaveProgress logFile
INFO: Computer kill 2-pallubs ship

дек. 13, 2022 11:46:05 AM SaveProgress logFile
INFO: Computer shot 2,7; status: miss

дек. 13, 2022 11:46:05 AM SaveProgress logFile
INFO: Player shot 8,3; status: hit

дек. 13, 2022 11:46:06 AM SaveProgress logFile
INFO: Player kill 3-pallubs ship

дек. 13, 2022 11:46:07 AM SaveProgress logFile
INFO: Player shot 6,3; status: hit

дек. 13, 2022 11:46:08 AM SaveProgress logFile
INFO: Player shot 6,2; status: hit

дек. 13, 2022 11:46:09 AM SaveProgress logFile
INFO: Player kill 3-pallubs ship

дек. 13, 2022 11:46:10 AM SaveProgress logFile
INFO: Player shot 4,2; status: miss

дек. 13, 2022 11:46:11 AM SaveProgress logFile
INFO: Computer shot 9,6; status: miss

дек. 13, 2022 11:46:12 AM SaveProgress logFile
INFO: Player shot 4,1; status: miss

дек. 13, 2022 11:46:12 AM SaveProgress logFile
INFO: Computer shot 3,7; status: miss

дек. 13, 2022 11:46:13 AM SaveProgress logFile
INFO: Player shot 4,0; status: miss

дек. 13, 2022 11:46:13 AM SaveProgress logFile
INFO: Computer shot 4,6; status: hit

дек. 13, 2022 11:46:13 AM SaveProgress logFile
INFO: Computer shot 7,8; status: miss

дек. 13, 2022 11:46:15 AM SaveProgress logFile
INFO: Player kill 1-palubs ship

дек. 13, 2022 11:46:17 AM SaveProgress logFile
INFO: Player shot 0,0; status: miss

дек. 13, 2022 11:46:17 AM SaveProgress logFile
INFO: Computer shot 0,7; status: miss

дек. 13, 2022 11:46:18 AM SaveProgress logFile
INFO: Player kill 1-palubs ship

дек. 13, 2022 11:46:27 AM SaveProgress logFile
INFO: Player win!
