дек. 17, 2022 12:10:08 PM SaveProgress logFile
INFO: Start Game: Sat Dec 17 12:10:08 MSK 2022


дек. 17, 2022 12:10:11 PM SaveProgress logFile
INFO: Player shot 4,5; status: hit

дек. 17, 2022 12:10:12 PM SaveProgress logFile
INFO: Player shot 6,5; status: miss

дек. 17, 2022 12:10:13 PM SaveProgress logFile
INFO: Computer shot 4,5; status: miss

дек. 17, 2022 12:10:13 PM SaveProgress logFile
INFO: Player shot 5,9; status: miss

дек. 17, 2022 12:10:13 PM SaveProgress logFile
INFO: Computer shot 0,4; status: miss

дек. 17, 2022 12:10:14 PM SaveProgress logFile
INFO: Player shot 2,8; status: miss

дек. 17, 2022 12:10:14 PM SaveProgress logFile
INFO: Computer shot 9,8; status: miss

дек. 17, 2022 12:10:14 PM SaveProgress logFile
INFO: Player shot 1,7; status: miss

дек. 17, 2022 12:10:14 PM SaveProgress logFile
INFO: Computer shot 3,9; status: miss

дек. 17, 2022 12:10:15 PM SaveProgress logFile
INFO: Player shot 1,4; status: miss

дек. 17, 2022 12:10:15 PM SaveProgress logFile
INFO: Computer shot 4,9; status: miss

дек. 17, 2022 12:10:15 PM SaveProgress logFile
INFO: Player shot 4,2; status: miss

дек. 17, 2022 12:10:15 PM SaveProgress logFile
INFO: Computer shot 3,1; status: miss

дек. 17, 2022 12:10:16 PM SaveProgress logFile
INFO: Player shot 5,1; status: miss

дек. 17, 2022 12:10:16 PM SaveProgress logFile
INFO: Computer shot 3,6; status: miss

дек. 17, 2022 12:10:17 PM SaveProgress logFile
INFO: Player shot 3,6; status: miss

дек. 17, 2022 12:10:18 PM SaveProgress logFile
INFO: Computer shot 8,7; status: miss

дек. 17, 2022 12:10:18 PM SaveProgress logFile
INFO: Player shot 1,8; status: miss

дек. 17, 2022 12:10:19 PM SaveProgress logFile
INFO: Computer shot 1,7; status: miss

дек. 17, 2022 12:10:19 PM SaveProgress logFile
INFO: Player shot 1,6; status: miss

дек. 17, 2022 12:10:19 PM SaveProgress logFile
INFO: Computer shot 1,3; status: miss

дек. 17, 2022 12:10:20 PM SaveProgress logFile
INFO: Player shot 8,6; status: miss

дек. 17, 2022 12:10:20 PM SaveProgress logFile
INFO: Computer shot 8,4; status: miss

дек. 17, 2022 12:10:20 PM SaveProgress logFile
INFO: Player shot 7,9; status: hit

дек. 17, 2022 12:10:21 PM SaveProgress logFile
INFO: Player shot 7,3; status: miss

дек. 17, 2022 12:10:21 PM SaveProgress logFile
INFO: Computer shot 4,1; status: miss

дек. 17, 2022 12:10:21 PM SaveProgress logFile
INFO: Player shot 6,3; status: miss

дек. 17, 2022 12:10:22 PM SaveProgress logFile
INFO: Computer shot 1,2; status: miss

дек. 17, 2022 12:10:22 PM SaveProgress logFile
INFO: Player shot 7,2; status: miss

дек. 17, 2022 12:10:22 PM SaveProgress logFile
INFO: Computer shot 9,9; status: miss

дек. 17, 2022 12:10:23 PM SaveProgress logFile
INFO: Player shot 7,1; status: miss

дек. 17, 2022 12:10:23 PM SaveProgress logFile
INFO: Computer shot 4,4; status: hit

дек. 17, 2022 12:10:23 PM SaveProgress logFile
INFO: Computer shot 4,5; status: hit

дек. 17, 2022 12:10:24 PM SaveProgress logFile
INFO: Computer shot 4,3; status: hit

дек. 17, 2022 12:10:24 PM SaveProgress logFile
INFO: Computer kill 4-pallubs ship

дек. 17, 2022 12:10:24 PM SaveProgress logFile
INFO: Computer shot 9,4; status: miss

